[2021-09-03 14:54:45] 배치 Thread 실행
[2021-09-03 14:54:45] Collector Demon이 시작되었습니다...
[2021-09-03 14:55:07] com.mysql.cj.jdbc.exceptions.SQLError.createCommunicationsException(SQLError.java:174)
com.mysql.cj.jdbc.exceptions.SQLExceptionsMapping.translateException(SQLExceptionsMapping.java:64)
com.mysql.cj.jdbc.ConnectionImpl.createNewIO(ConnectionImpl.java:827)
com.mysql.cj.jdbc.ConnectionImpl.<init>(ConnectionImpl.java:447)
com.mysql.cj.jdbc.ConnectionImpl.getInstance(ConnectionImpl.java:237)
com.mysql.cj.jdbc.NonRegisteringDriver.connect(NonRegisteringDriver.java:199)
java.sql.DriverManager.getConnection(DriverManager.java:664)
java.sql.DriverManager.getConnection(DriverManager.java:247)
mdr.server.collector.db.ConnectionPool.initialize(ConnectionPool.java:46)
mdr.server.collector.db.ConnectionPool.<init>(ConnectionPool.java:25)
mdr.server.collector.db.ConnectionPool.getInstance(ConnectionPool.java:34)
mdr.server.collecotr.main.CollectorInsa.CollectorInsa(CollectorInsa.java:40)
mdr.server.collecotr.main.CollectorMultiDemon.run(CollectorMultiDemon.java:63)
java.lang.Thread.run(Thread.java:748)

[2021-09-03 14:55:31] com.ibm.db2.jcc.am.b7.a(b7.java:338)
com.ibm.db2.jcc.am.b7.a(b7.java:435)
com.ibm.db2.jcc.t4.a0.a(a0.java:450)
com.ibm.db2.jcc.t4.a0.<init>(a0.java:96)
com.ibm.db2.jcc.t4.a.b(a.java:366)
com.ibm.db2.jcc.t4.b.newAgent_(b.java:2164)
com.ibm.db2.jcc.am.Connection.initConnection(Connection.java:839)
com.ibm.db2.jcc.am.Connection.<init>(Connection.java:784)
com.ibm.db2.jcc.t4.b.<init>(b.java:350)
com.ibm.db2.jcc.DB2SimpleDataSource.getConnection(DB2SimpleDataSource.java:233)
com.ibm.db2.jcc.DB2SimpleDataSource.getConnection(DB2SimpleDataSource.java:200)
com.ibm.db2.jcc.DB2Driver.connect(DB2Driver.java:471)
com.ibm.db2.jcc.DB2Driver.connect(DB2Driver.java:113)
java.sql.DriverManager.getConnection(DriverManager.java:664)
java.sql.DriverManager.getConnection(DriverManager.java:247)
mdr.server.collector.db.ConnectionPool.initialize(ConnectionPool.java:46)
mdr.server.collector.db.ConnectionPool.<init>(ConnectionPool.java:25)
mdr.server.collector.db.ConnectionPool.getInstance(ConnectionPool.java:34)
mdr.server.collecotr.main.CollectorProc.CollectorProc(CollectorProc.java:40)
mdr.server.collecotr.main.CollectorMultiDemon.run(CollectorMultiDemon.java:81)
java.lang.Thread.run(Thread.java:748)

[2021-09-03 14:55:55] com.ibm.db2.jcc.am.b7.a(b7.java:338)
com.ibm.db2.jcc.am.b7.a(b7.java:435)
com.ibm.db2.jcc.t4.a0.a(a0.java:450)
com.ibm.db2.jcc.t4.a0.<init>(a0.java:96)
com.ibm.db2.jcc.t4.a.b(a.java:366)
com.ibm.db2.jcc.t4.b.newAgent_(b.java:2164)
com.ibm.db2.jcc.am.Connection.initConnection(Connection.java:839)
com.ibm.db2.jcc.am.Connection.<init>(Connection.java:784)
com.ibm.db2.jcc.t4.b.<init>(b.java:350)
com.ibm.db2.jcc.DB2SimpleDataSource.getConnection(DB2SimpleDataSource.java:233)
com.ibm.db2.jcc.DB2SimpleDataSource.getConnection(DB2SimpleDataSource.java:200)
com.ibm.db2.jcc.DB2Driver.connect(DB2Driver.java:471)
com.ibm.db2.jcc.DB2Driver.connect(DB2Driver.java:113)
java.sql.DriverManager.getConnection(DriverManager.java:664)
java.sql.DriverManager.getConnection(DriverManager.java:247)
mdr.server.collector.db.ConnectionPool.initialize(ConnectionPool.java:46)
mdr.server.collector.db.ConnectionPool.<init>(ConnectionPool.java:25)
mdr.server.collector.db.ConnectionPool.getInstance(ConnectionPool.java:34)
mdr.server.collecotr.main.CollectorProc.CollectorProc(CollectorProc.java:40)
mdr.server.collecotr.main.CollectorMultiDemon.run(CollectorMultiDemon.java:81)
java.lang.Thread.run(Thread.java:748)

[2021-09-03 14:55:58] Log data collect end.
