[2021-06-02 13:50:40] 배치 Thread 실행
[2021-06-02 13:50:40] Collector Demon이 시작되었습니다...
[2021-06-02 13:50:42] [ collect_query ] select LOGIN_ID, NAME, LOGIN_PW, ORG_ID, ORG_NAME, EMAIL, now(), '1001', '1' FROM test.tgate_user
[2021-06-02 13:50:42] Data Parsing Start
[2021-06-02 13:50:42] Data Insert Stop - Total Count : 3
[2021-06-02 13:50:43] [ collect_query ] SELECT ORG_ID, ORG_PID, ORG_NAME, ORG_FULLNM, DISP_ORDR, '1', now(), '1001' FROM test.tgate_dept
[2021-06-02 13:50:43] Data Parsing Start
[2021-06-02 13:50:43] Data Insert Stop - Total Count : 6
[2021-06-02 13:50:43] [ collect_query ] SELECT IP_ADDRESS, MAC_ADDRESS, LOGIN_ID, (select EMAIL FROM test.tgate_user as t_user where t_user.login_id = t_device.login_id) as EMAIL, cast(LAST_LOGIN_DT as datetime), now() FROM test.tgate_device as t_device
[2021-06-02 13:50:43] Data Parsing Start
[2021-06-02 13:50:43] Data Insert Stop - Total Count : 3
[2021-06-02 13:50:46] [ condition query ] lastupdatetime > $$condition_value$$ [ condition value ] '2021-05-27 14:22:06'
[2021-06-02 13:50:46] [ collect_query ] select ipaddr,macaddr,empno,yearmonth,week,lastupdatetime,synctime,grade,totalcnt,safecnt,vulncnt,failcnt,reserved01,reserved02,reserved03,reserved04,reserved05,reserved06,reserved07,reserved08,reserved09,reserved10,i000001,i000002,i000003,i000004,i000005,i000006,i000007,i000008,i000009,i000010,i000011,i000012,i000013,i000014,i000015,i000016,i000017,i000018,i000019,i000020,i000021,i000022,i000023,i000024,i000025,i000026,i000027,i000028,i000029,i000030,i000031,i000032,i000033,i000034,i000035,i000036,i000037,i000038,i000039,i000040,i000041,i000042,i000043,i000044,i000045,i000046,i000047,i000048,i000049,i000050,i000051 from avwmypccustom WHERE lastupdatetime > '2021-05-27 14:22:06' ORDER BY lastupdatetime
[2021-06-02 13:50:46] Data Parsing Start
[2021-06-02 13:50:46] Data Insert Stop - Total Count : 2
[2021-06-02 13:50:49] [ condition query ] clienttime > $$condition_value$$ [ condition value ] '2021-05-27 18:04:26'
[2021-06-02 13:50:49] [ collect_query ] select logid,nodeserial,nodeguid,name,path,status,scantype,owner,access,infector,clienttime,clientipaddr,clientcomputername,clientloginid,clientusername,clientdepartment,servertime,synctime,empno from v3_avwv3virusalertlog WHERE clienttime > '2021-05-27 18:04:26' ORDER BY clienttime
[2021-06-02 13:50:49] Data Parsing Start
[2021-06-02 13:50:49] Data Insert Stop - Total Count : 2
[2021-06-02 13:50:52] Log data collect end.
[2021-06-02 14:03:33] 배치 Thread 실행
[2021-06-02 14:03:33] Collector Demon이 시작되었습니다...
[2021-06-02 14:03:34] [ collect_query ] select LOGIN_ID, NAME, LOGIN_PW, ORG_ID, ORG_NAME, EMAIL, now(), '1001', '1' FROM test.tgate_user
[2021-06-02 14:03:34] Data Parsing Start
[2021-06-02 14:03:34] Data Insert Stop - Total Count : 3
[2021-06-02 14:03:34] [ collect_query ] SELECT ORG_ID, ORG_PID, ORG_NAME, ORG_FULLNM, DISP_ORDR, '1', now(), '1001' FROM test.tgate_dept
[2021-06-02 14:03:34] Data Parsing Start
[2021-06-02 14:03:34] Data Insert Stop - Total Count : 6
[2021-06-02 14:03:34] [ collect_query ] SELECT IP_ADDRESS, MAC_ADDRESS, LOGIN_ID, (select EMAIL FROM test.tgate_user as t_user where t_user.login_id = t_device.login_id) as EMAIL, cast(LAST_LOGIN_DT as datetime), now() FROM test.tgate_device as t_device
[2021-06-02 14:03:34] Data Parsing Start
[2021-06-02 14:03:34] Data Insert Stop - Total Count : 3
[2021-06-02 14:03:37] [ condition query ] lastupdatetime > $$condition_value$$ [ condition value ] '2021-05-31 14:22:06'
[2021-06-02 14:03:37] [ collect_query ] select ipaddr,macaddr,empno,yearmonth,week,lastupdatetime,synctime,grade,totalcnt,safecnt,vulncnt,failcnt,reserved01,reserved02,reserved03,reserved04,reserved05,reserved06,reserved07,reserved08,reserved09,reserved10,i000001,i000002,i000003,i000004,i000005,i000006,i000007,i000008,i000009,i000010,i000011,i000012,i000013,i000014,i000015,i000016,i000017,i000018,i000019,i000020,i000021,i000022,i000023,i000024,i000025,i000026,i000027,i000028,i000029,i000030,i000031,i000032,i000033,i000034,i000035,i000036,i000037,i000038,i000039,i000040,i000041,i000042,i000043,i000044,i000045,i000046,i000047,i000048,i000049,i000050,i000051 from avwmypccustom WHERE lastupdatetime > '2021-05-31 14:22:06' ORDER BY lastupdatetime
[2021-06-02 14:03:37] [ avwmypccustom ] Log 수집 데이터 없음..... 파일생성 및 전송 미처리...
[2021-06-02 14:03:40] [ condition query ] clienttime > $$condition_value$$ [ condition value ] '2021-05-31 18:04:26'
[2021-06-02 14:03:40] [ collect_query ] select logid,nodeserial,nodeguid,name,path,status,scantype,owner,access,infector,clienttime,clientipaddr,clientcomputername,clientloginid,clientusername,clientdepartment,servertime,synctime,empno from v3_avwv3virusalertlog WHERE clienttime > '2021-05-31 18:04:26' ORDER BY clienttime
[2021-06-02 14:03:40] [ v3_avwv3virusalertlog ] Log 수집 데이터 없음..... 파일생성 및 전송 미처리...
[2021-06-02 14:03:43] Log data collect end.
[2021-06-02 14:05:56] 배치 Thread 실행
[2021-06-02 14:05:56] Collector Demon이 시작되었습니다...
[2021-06-02 14:05:58] [ collect_query ] select LOGIN_ID, NAME, LOGIN_PW, ORG_ID, ORG_NAME, EMAIL, now(), '1001', '1' FROM test.tgate_user
[2021-06-02 14:05:58] Data Parsing Start
[2021-06-02 14:05:58] Data Insert Stop - Total Count : 3
[2021-06-02 14:05:58] [ collect_query ] SELECT ORG_ID, ORG_PID, ORG_NAME, ORG_FULLNM, DISP_ORDR, '1', now(), '1001' FROM test.tgate_dept
[2021-06-02 14:05:58] Data Parsing Start
[2021-06-02 14:05:58] Data Insert Stop - Total Count : 6
[2021-06-02 14:05:58] [ collect_query ] SELECT IP_ADDRESS, MAC_ADDRESS, LOGIN_ID, (select EMAIL FROM test.tgate_user as t_user where t_user.login_id = t_device.login_id) as EMAIL, cast(LAST_LOGIN_DT as datetime), now() FROM test.tgate_device as t_device
[2021-06-02 14:05:58] Data Parsing Start
[2021-06-02 14:05:58] Data Insert Stop - Total Count : 3
[2021-06-02 14:06:01] [ condition query ] lastupdatetime > $$condition_value$$ [ condition value ] '2021-05-31 14:22:06'
[2021-06-02 14:06:01] [ collect_query ] select ipaddr,macaddr,empno,yearmonth,week,lastupdatetime,synctime,grade,totalcnt,safecnt,vulncnt,failcnt,reserved01,reserved02,reserved03,reserved04,reserved05,reserved06,reserved07,reserved08,reserved09,reserved10,i000001,i000002,i000003,i000004,i000005,i000006,i000007,i000008,i000009,i000010,i000011,i000012,i000013,i000014,i000015,i000016,i000017,i000018,i000019,i000020,i000021,i000022,i000023,i000024,i000025,i000026,i000027,i000028,i000029,i000030,i000031,i000032,i000033,i000034,i000035,i000036,i000037,i000038,i000039,i000040,i000041,i000042,i000043,i000044,i000045,i000046,i000047,i000048,i000049,i000050,i000051 from avwmypccustom WHERE lastupdatetime > '2021-05-31 14:22:06' ORDER BY lastupdatetime
[2021-06-02 14:06:01] [ avwmypccustom ] Log 수집 데이터 없음..... 파일생성 및 전송 미처리...
[2021-06-02 14:06:04] java.io.FileInputStream.open0(Native Method)
java.io.FileInputStream.open(FileInputStream.java:195)
java.io.FileInputStream.<init>(FileInputStream.java:138)
java.io.FileInputStream.<init>(FileInputStream.java:93)
mdr.server.collector.util.CommonUtil.getPropertiesInfo(CommonUtil.java:33)
mdr.server.collector.vo.ConnectionInfoVO.getInstance(ConnectionInfoVO.java:9)
mdr.server.collector.db.ConnectionPool.getInstance(ConnectionPool.java:29)
mdr.server.collecotr.main.CollectorProc.CollectorProc(CollectorProc.java:40)
mdr.server.collecotr.main.CollectorMultiDemon.run(CollectorMultiDemon.java:98)
java.lang.Thread.run(Thread.java:748)

[2021-06-02 14:06:20] [ condition query ] clienttime > $$condition_value$$ [ condition value ] '2021-05-31 18:04:26'
[2021-06-02 14:06:20] [ collect_query ] select logid,nodeserial,nodeguid,name,path,status,scantype,owner,access,infector,clienttime,clientipaddr,clientcomputername,clientloginid,clientusername,clientdepartment,servertime,synctime,empno from v3_avwv3virusalertlog WHERE clienttime > '2021-05-31 18:04:26' ORDER BY clienttime
[2021-06-02 14:06:20] [ v3_avwv3virusalertlog ] Log 수집 데이터 없음..... 파일생성 및 전송 미처리...
[2021-06-02 14:06:23] Log data collect end.
[2021-06-02 14:07:19] 배치 Thread 실행
[2021-06-02 14:07:19] Collector Demon이 시작되었습니다...
[2021-06-02 14:07:20] [ collect_query ] select LOGIN_ID, NAME, LOGIN_PW, ORG_ID, ORG_NAME, EMAIL, now(), '1001', '1' FROM test.tgate_user
[2021-06-02 14:07:20] Data Parsing Start
[2021-06-02 14:07:20] Data Insert Stop - Total Count : 3
[2021-06-02 14:07:20] [ collect_query ] SELECT ORG_ID, ORG_PID, ORG_NAME, ORG_FULLNM, DISP_ORDR, '1', now(), '1001' FROM test.tgate_dept
[2021-06-02 14:07:20] Data Parsing Start
[2021-06-02 14:07:20] Data Insert Stop - Total Count : 6
[2021-06-02 14:07:20] [ collect_query ] SELECT IP_ADDRESS, MAC_ADDRESS, LOGIN_ID, (select EMAIL FROM test.tgate_user as t_user where t_user.login_id = t_device.login_id) as EMAIL, cast(LAST_LOGIN_DT as datetime), now() FROM test.tgate_device as t_device
[2021-06-02 14:07:20] Data Parsing Start
[2021-06-02 14:07:20] Data Insert Stop - Total Count : 3
[2021-06-02 14:07:23] [ condition query ] lastupdatetime > $$condition_value$$ [ condition value ] '2021-05-31 14:22:06'
[2021-06-02 14:07:23] [ collect_query ] select ipaddr,macaddr,empno,yearmonth,week,lastupdatetime,synctime,grade,totalcnt,safecnt,vulncnt,failcnt,reserved01,reserved02,reserved03,reserved04,reserved05,reserved06,reserved07,reserved08,reserved09,reserved10,i000001,i000002,i000003,i000004,i000005,i000006,i000007,i000008,i000009,i000010,i000011,i000012,i000013,i000014,i000015,i000016,i000017,i000018,i000019,i000020,i000021,i000022,i000023,i000024,i000025,i000026,i000027,i000028,i000029,i000030,i000031,i000032,i000033,i000034,i000035,i000036,i000037,i000038,i000039,i000040,i000041,i000042,i000043,i000044,i000045,i000046,i000047,i000048,i000049,i000050,i000051 from avwmypccustom WHERE lastupdatetime > '2021-05-31 14:22:06' ORDER BY lastupdatetime
[2021-06-02 14:07:23] Data Parsing Start
[2021-06-02 14:07:23] Data Insert Stop - Total Count : 2
[2021-06-02 14:07:26] java.io.FileInputStream.open0(Native Method)
java.io.FileInputStream.open(FileInputStream.java:195)
java.io.FileInputStream.<init>(FileInputStream.java:138)
java.io.FileInputStream.<init>(FileInputStream.java:93)
mdr.server.collector.util.CommonUtil.getPropertiesInfo(CommonUtil.java:33)
mdr.server.collector.vo.ConnectionInfoVO.getInstance(ConnectionInfoVO.java:9)
mdr.server.collector.db.ConnectionPool.getInstance(ConnectionPool.java:29)
mdr.server.collecotr.main.CollectorProc.CollectorProc(CollectorProc.java:40)
mdr.server.collecotr.main.CollectorMultiDemon.run(CollectorMultiDemon.java:98)
java.lang.Thread.run(Thread.java:748)

[2021-06-02 14:07:29] [ condition query ] clienttime > $$condition_value$$ [ condition value ] '2021-05-31 18:04:26'
[2021-06-02 14:07:29] [ collect_query ] select logid,nodeserial,nodeguid,name,path,status,scantype,owner,access,infector,clienttime,clientipaddr,clientcomputername,clientloginid,clientusername,clientdepartment,servertime,synctime,empno from v3_avwv3virusalertlog WHERE clienttime > '2021-05-31 18:04:26' ORDER BY clienttime
[2021-06-02 14:07:29] Data Parsing Start
[2021-06-02 14:07:29] Data Insert Stop - Total Count : 2
[2021-06-02 14:07:32] Log data collect end.
