[2021-11-10 15:17:01] 배치 Thread 실행
[2021-11-10 15:17:01] Collector Demon이 시작되었습니다...
[2021-11-10 15:17:02] [ collect_query ] select LOGIN_ID, NAME, LOGIN_PW, ORG_ID, ORG_NAME, EMAIL, now(), '1001', '1' FROM v_tgate_user
[2021-11-10 15:17:02] Data Parsing Start
[2021-11-10 15:17:02] Data Insert Stop - Total Count : 2
[2021-11-10 15:17:02] [ collect_query ] SELECT ORG_ID, ORG_PID, ORG_NAME, ORG_FULLNM, DISP_ORDR, '1', now(), '1001' FROM v_tgate_dept
[2021-11-10 15:17:02] Data Parsing Start
[2021-11-10 15:17:02] Data Insert Stop - Total Count : 4
[2021-11-10 15:17:02] [ collect_query ] SELECT IP_ADDRESS, MAC_ADDRESS, LOGIN_ID, (select EMAIL FROM v_tgate_user as t_user where t_user.login_id = t_device.login_id) as EMAIL, cast(LAST_LOGIN_DT as datetime), now() FROM v_tgate_device as t_device
[2021-11-10 15:17:02] Data Parsing Start
[2021-11-10 15:17:02] Data Insert Stop - Total Count : 2
[2021-11-10 15:17:26] com.ibm.db2.jcc.am.b7.a(b7.java:338)
com.ibm.db2.jcc.am.b7.a(b7.java:435)
com.ibm.db2.jcc.t4.a0.a(a0.java:450)
com.ibm.db2.jcc.t4.a0.<init>(a0.java:96)
com.ibm.db2.jcc.t4.a.b(a.java:366)
com.ibm.db2.jcc.t4.b.newAgent_(b.java:2164)
com.ibm.db2.jcc.am.Connection.initConnection(Connection.java:839)
com.ibm.db2.jcc.am.Connection.<init>(Connection.java:784)
com.ibm.db2.jcc.t4.b.<init>(b.java:350)
com.ibm.db2.jcc.DB2SimpleDataSource.getConnection(DB2SimpleDataSource.java:233)
com.ibm.db2.jcc.DB2SimpleDataSource.getConnection(DB2SimpleDataSource.java:200)
com.ibm.db2.jcc.DB2Driver.connect(DB2Driver.java:471)
com.ibm.db2.jcc.DB2Driver.connect(DB2Driver.java:113)
java.sql.DriverManager.getConnection(Unknown Source)
java.sql.DriverManager.getConnection(Unknown Source)
mdr.server.collector.db.ConnectionPool.initialize(ConnectionPool.java:46)
mdr.server.collector.db.ConnectionPool.<init>(ConnectionPool.java:25)
mdr.server.collector.db.ConnectionPool.getInstance(ConnectionPool.java:34)
mdr.server.collecotr.main.CollectorProc.CollectorProc(CollectorProc.java:45)
mdr.server.collecotr.main.CollectorMultiDemon.run(CollectorMultiDemon.java:81)
java.lang.Thread.run(Unknown Source)

[2021-11-10 15:17:50] com.ibm.db2.jcc.am.b7.a(b7.java:338)
com.ibm.db2.jcc.am.b7.a(b7.java:435)
com.ibm.db2.jcc.t4.a0.a(a0.java:450)
com.ibm.db2.jcc.t4.a0.<init>(a0.java:96)
com.ibm.db2.jcc.t4.a.b(a.java:366)
com.ibm.db2.jcc.t4.b.newAgent_(b.java:2164)
com.ibm.db2.jcc.am.Connection.initConnection(Connection.java:839)
com.ibm.db2.jcc.am.Connection.<init>(Connection.java:784)
com.ibm.db2.jcc.t4.b.<init>(b.java:350)
com.ibm.db2.jcc.DB2SimpleDataSource.getConnection(DB2SimpleDataSource.java:233)
com.ibm.db2.jcc.DB2SimpleDataSource.getConnection(DB2SimpleDataSource.java:200)
com.ibm.db2.jcc.DB2Driver.connect(DB2Driver.java:471)
com.ibm.db2.jcc.DB2Driver.connect(DB2Driver.java:113)
java.sql.DriverManager.getConnection(Unknown Source)
java.sql.DriverManager.getConnection(Unknown Source)
mdr.server.collector.db.ConnectionPool.initialize(ConnectionPool.java:46)
mdr.server.collector.db.ConnectionPool.<init>(ConnectionPool.java:25)
mdr.server.collector.db.ConnectionPool.getInstance(ConnectionPool.java:34)
mdr.server.collecotr.main.CollectorProc.CollectorProc(CollectorProc.java:45)
mdr.server.collecotr.main.CollectorMultiDemon.run(CollectorMultiDemon.java:81)
java.lang.Thread.run(Unknown Source)

[2021-11-10 15:17:53] Log data collect end.
[2021-11-10 15:18:00] 배치 Thread 실행
[2021-11-10 15:18:00] Collector Demon이 시작되었습니다...
[2021-11-10 15:18:01] [ collect_query ] select LOGIN_ID, NAME, LOGIN_PW, ORG_ID, ORG_NAME, EMAIL, now(), '1001', '1' FROM v_tgate_user
[2021-11-10 15:18:01] Data Parsing Start
[2021-11-10 15:18:01] Data Insert Stop - Total Count : 2
[2021-11-10 15:18:01] [ collect_query ] SELECT ORG_ID, ORG_PID, ORG_NAME, ORG_FULLNM, DISP_ORDR, '1', now(), '1001' FROM v_tgate_dept
[2021-11-10 15:18:01] Data Parsing Start
[2021-11-10 15:18:01] Data Insert Stop - Total Count : 4
[2021-11-10 15:18:01] [ collect_query ] SELECT IP_ADDRESS, MAC_ADDRESS, LOGIN_ID, (select EMAIL FROM v_tgate_user as t_user where t_user.login_id = t_device.login_id) as EMAIL, cast(LAST_LOGIN_DT as datetime), now() FROM v_tgate_device as t_device
[2021-11-10 15:18:01] Data Parsing Start
[2021-11-10 15:18:01] Data Insert Stop - Total Count : 2
[2021-11-10 15:18:05] [ condition query ] LASTUPDATETIME > $$condition_value$$ [ condition value ] '2021-07-12 14:22:06.0'
[2021-11-10 15:18:05] [ collect_query ] select ipaddr,macaddr,yearmonth,week,lastupdatetime,synctime,grade,totalcnt,safecnt,vulncnt,failcnt,reserved01,reserved02,reserved03,reserved04,reserved05,reserved06,reserved07,reserved08,reserved09,reserved10,i000001,i000002,i000003,i000004,i000005,i000006,i000007,i000008,i000009,i000010,i000011,i000012,i000013,i000014,i000015,i000016,i000017,i000018,i000019,i000020,i000021,i000022,i000023,i000024,i000025,i000026,i000027,i000028,i000029,i000030,i000031,i000032,i000033,i000034,i000035,i000036,i000037,i000038,i000039,i000040,i000041,i000042,i000043,i000044,i000045,i000046,i000047,i000048,i000049,i000050,i000051 from avwmypccustom WHERE LASTUPDATETIME > '2021-07-12 14:22:06.0' ORDER BY LASTUPDATETIME
[2021-11-10 15:18:05] java.lang.NullPointerException
[2021-11-10 15:18:08] [ condition query ] clienttime > $$condition_value$$ [ condition value ] '2021-07-12 18:04:26.0'
[2021-11-10 15:18:08] [ collect_query ] select logid,nodeserial,nodeguid,name,path,status,scantype,owner,access,infector,clienttime,clientipaddr,clientcomputername,clientloginid,clientusername,clientdepartment,servertime,synctime,owner from v3_avwv3virusalertlog WHERE clienttime > '2021-07-12 18:04:26.0' ORDER BY CLIENTTIME
[2021-11-10 15:18:08] java.lang.NullPointerException
[2021-11-10 15:18:11] Log data collect end.
[2021-11-10 15:19:08] 배치 Thread 실행
[2021-11-10 15:19:08] Collector Demon이 시작되었습니다...
[2021-11-10 15:19:08] [ collect_query ] select LOGIN_ID, NAME, LOGIN_PW, ORG_ID, ORG_NAME, EMAIL, now(), '1001', '1' FROM v_tgate_user
[2021-11-10 15:19:08] Data Parsing Start
[2021-11-10 15:19:08] Data Insert Stop - Total Count : 2
[2021-11-10 15:19:08] [ collect_query ] SELECT ORG_ID, ORG_PID, ORG_NAME, ORG_FULLNM, DISP_ORDR, '1', now(), '1001' FROM v_tgate_dept
[2021-11-10 15:19:08] Data Parsing Start
[2021-11-10 15:19:08] Data Insert Stop - Total Count : 4
[2021-11-10 15:19:08] [ collect_query ] SELECT IP_ADDRESS, MAC_ADDRESS, LOGIN_ID, (select EMAIL FROM v_tgate_user as t_user where t_user.login_id = t_device.login_id) as EMAIL, cast(LAST_LOGIN_DT as datetime), now() FROM v_tgate_device as t_device
[2021-11-10 15:19:08] Data Parsing Start
[2021-11-10 15:19:08] Data Insert Stop - Total Count : 2
[2021-11-10 15:19:12] [ condition query ] LASTUPDATETIME > $$condition_value$$ [ condition value ] '2021-07-12 14:22:06.0'
[2021-11-10 15:19:12] [ collect_query ] select ipaddr,macaddr,yearmonth,week,lastupdatetime,synctime,grade,totalcnt,safecnt,vulncnt,failcnt,reserved01,reserved02,reserved03,reserved04,reserved05,reserved06,reserved07,reserved08,reserved09,reserved10,i000001,i000002,i000003,i000004,i000005,i000006,i000007,i000008,i000009,i000010,i000011,i000012,i000013,i000014,i000015,i000016,i000017,i000018,i000019,i000020,i000021,i000022,i000023,i000024,i000025,i000026,i000027,i000028,i000029,i000030,i000031,i000032,i000033,i000034,i000035,i000036,i000037,i000038,i000039,i000040,i000041,i000042,i000043,i000044,i000045,i000046,i000047,i000048,i000049,i000050,i000051 from nemo.avwmypccustom WHERE LASTUPDATETIME > '2021-07-12 14:22:06.0' ORDER BY LASTUPDATETIME
[2021-11-10 15:19:12] Data Parsing Start
[2021-11-10 15:19:12] java.lang.NullPointerException
[2021-11-10 15:19:15] [ condition query ] clienttime > $$condition_value$$ [ condition value ] '2021-07-12 18:04:26.0'
[2021-11-10 15:19:15] [ collect_query ] select logid,nodeserial,nodeguid,name,path,status,scantype,owner,access,infector,clienttime,clientipaddr,clientcomputername,clientloginid,clientusername,clientdepartment,servertime,synctime,owner from nemo.avwv3virusalertlog WHERE clienttime > '2021-07-12 18:04:26.0' ORDER BY CLIENTTIME
[2021-11-10 15:19:15] Data Parsing Start
[2021-11-10 15:19:15] java.lang.NullPointerException
[2021-11-10 15:19:18] Log data collect end.
[2021-11-10 15:19:37] 배치 Thread 실행
[2021-11-10 15:19:37] Collector Demon이 시작되었습니다...
[2021-11-10 15:19:38] [ collect_query ] select LOGIN_ID, NAME, LOGIN_PW, ORG_ID, ORG_NAME, EMAIL, now(), '1001', '1' FROM v_tgate_user
[2021-11-10 15:19:38] Data Parsing Start
[2021-11-10 15:19:38] Data Insert Stop - Total Count : 2
[2021-11-10 15:19:38] [ collect_query ] SELECT ORG_ID, ORG_PID, ORG_NAME, ORG_FULLNM, DISP_ORDR, '1', now(), '1001' FROM v_tgate_dept
[2021-11-10 15:19:38] Data Parsing Start
[2021-11-10 15:19:38] Data Insert Stop - Total Count : 4
[2021-11-10 15:19:38] [ collect_query ] SELECT IP_ADDRESS, MAC_ADDRESS, LOGIN_ID, (select EMAIL FROM v_tgate_user as t_user where t_user.login_id = t_device.login_id) as EMAIL, cast(LAST_LOGIN_DT as datetime), now() FROM v_tgate_device as t_device
[2021-11-10 15:19:38] Data Parsing Start
[2021-11-10 15:19:38] Data Insert Stop - Total Count : 2
[2021-11-10 15:19:42] [ condition query ] LASTUPDATETIME > $$condition_value$$ [ condition value ] '2021-07-12 14:22:06.0'
[2021-11-10 15:19:42] [ collect_query ] select ipaddr,macaddr,yearmonth,week,lastupdatetime,synctime,grade,totalcnt,safecnt,vulncnt,failcnt,reserved01,reserved02,reserved03,reserved04,reserved05,reserved06,reserved07,reserved08,reserved09,reserved10,i000001,i000002,i000003,i000004,i000005,i000006,i000007,i000008,i000009,i000010,i000011,i000012,i000013,i000014,i000015,i000016,i000017,i000018,i000019,i000020,i000021,i000022,i000023,i000024,i000025,i000026,i000027,i000028,i000029,i000030,i000031,i000032,i000033,i000034,i000035,i000036,i000037,i000038,i000039,i000040,i000041,i000042,i000043,i000044,i000045,i000046,i000047,i000048,i000049,i000050,i000051 from nemo.avwmypccustom WHERE LASTUPDATETIME > '2021-07-12 14:22:06.0' ORDER BY LASTUPDATETIME
[2021-11-10 15:19:42] Data Parsing Start
[2021-11-10 15:26:13] 배치 Thread 실행
[2021-11-10 15:26:13] Collector Demon이 시작되었습니다...
[2021-11-10 15:26:14] [ collect_query ] select LOGIN_ID, NAME, LOGIN_PW, ORG_ID, ORG_NAME, EMAIL, now(), '1001', '1' FROM v_tgate_user
[2021-11-10 15:26:14] Data Parsing Start
[2021-11-10 15:26:14] Data Insert Stop - Total Count : 2
[2021-11-10 15:26:14] [ collect_query ] SELECT ORG_ID, ORG_PID, ORG_NAME, ORG_FULLNM, DISP_ORDR, '1', now(), '1001' FROM v_tgate_dept
[2021-11-10 15:26:14] Data Parsing Start
[2021-11-10 15:26:14] Data Insert Stop - Total Count : 4
[2021-11-10 15:26:14] [ collect_query ] SELECT IP_ADDRESS, MAC_ADDRESS, LOGIN_ID, (select EMAIL FROM v_tgate_user as t_user where t_user.login_id = t_device.login_id) as EMAIL, cast(LAST_LOGIN_DT as datetime), now() FROM v_tgate_device as t_device
[2021-11-10 15:26:14] Data Parsing Start
[2021-11-10 15:26:14] Data Insert Stop - Total Count : 2
[2021-11-10 15:26:17] [ condition query ] LASTUPDATETIME > $$condition_value$$ [ condition value ] '2021-07-12 14:22:06.0'
[2021-11-10 15:26:17] [ collect_query ] select ipaddr,macaddr,yearmonth,week,lastupdatetime,synctime,grade,totalcnt,safecnt,vulncnt,failcnt,reserved01,reserved02,reserved03,reserved04,reserved05,reserved06,reserved07,reserved08,reserved09,reserved10,i000001,i000002,i000003,i000004,i000005,i000006,i000007,i000008,i000009,i000010,i000011,i000012,i000013,i000014,i000015,i000016,i000017,i000018,i000019,i000020,i000021,i000022,i000023,i000024,i000025,i000026,i000027,i000028,i000029,i000030,i000031,i000032,i000033,i000034,i000035,i000036,i000037,i000038,i000039,i000040,i000041,i000042,i000043,i000044,i000045,i000046,i000047,i000048,i000049,i000050,i000051 from nemo.avwmypccustom WHERE LASTUPDATETIME > '2021-07-12 14:22:06.0' ORDER BY LASTUPDATETIME
[2021-11-10 15:26:17] Data Parsing Start
[2021-11-10 15:26:57] 배치 Thread 실행
[2021-11-10 15:26:57] Collector Demon이 시작되었습니다...
[2021-11-10 15:26:57] [ collect_query ] select LOGIN_ID, NAME, LOGIN_PW, ORG_ID, ORG_NAME, EMAIL, now(), '1001', '1' FROM v_tgate_user
[2021-11-10 15:26:57] Data Parsing Start
[2021-11-10 15:26:57] Data Insert Stop - Total Count : 2
[2021-11-10 15:26:57] [ collect_query ] SELECT ORG_ID, ORG_PID, ORG_NAME, ORG_FULLNM, DISP_ORDR, '1', now(), '1001' FROM v_tgate_dept
[2021-11-10 15:26:57] Data Parsing Start
[2021-11-10 15:26:57] Data Insert Stop - Total Count : 4
[2021-11-10 15:26:57] [ collect_query ] SELECT IP_ADDRESS, MAC_ADDRESS, LOGIN_ID, (select EMAIL FROM v_tgate_user as t_user where t_user.login_id = t_device.login_id) as EMAIL, cast(LAST_LOGIN_DT as datetime), now() FROM v_tgate_device as t_device
[2021-11-10 15:26:57] Data Parsing Start
[2021-11-10 15:26:57] Data Insert Stop - Total Count : 2
[2021-11-10 15:27:01] [ condition query ] LASTUPDATETIME > $$condition_value$$ [ condition value ] '2021-07-12 14:22:06.0'
[2021-11-10 15:27:01] [ collect_query ] select ipaddr,macaddr,yearmonth,week,lastupdatetime,synctime,grade,totalcnt,safecnt,vulncnt,failcnt,reserved01,reserved02,reserved03,reserved04,reserved05,reserved06,reserved07,reserved08,reserved09,reserved10,i000001,i000002,i000003,i000004,i000005,i000006,i000007,i000008,i000009,i000010,i000011,i000012,i000013,i000014,i000015,i000016,i000017,i000018,i000019,i000020,i000021,i000022,i000023,i000024,i000025,i000026,i000027,i000028,i000029,i000030,i000031,i000032,i000033,i000034,i000035,i000036,i000037,i000038,i000039,i000040,i000041,i000042,i000043,i000044,i000045,i000046,i000047,i000048,i000049,i000050,i000051 from nemo.avwmypccustom WHERE LASTUPDATETIME > '2021-07-12 14:22:06.0' ORDER BY LASTUPDATETIME
[2021-11-10 15:27:01] Data Parsing Start
[2021-11-10 15:27:17] Data Insert Stop - Total Count : 2
[2021-11-10 15:27:20] [ condition query ] clienttime > $$condition_value$$ [ condition value ] '2021-07-12 18:04:26.0'
[2021-11-10 15:27:20] [ collect_query ] select logid,nodeserial,nodeguid,name,path,status,scantype,owner,access,infector,clienttime,clientipaddr,clientcomputername,clientloginid,clientusername,clientdepartment,servertime,synctime,owner from nemo.avwv3virusalertlog WHERE clienttime > '2021-07-12 18:04:26.0' ORDER BY CLIENTTIME
[2021-11-10 15:27:20] Data Parsing Start
[2021-11-10 15:27:20] CopyData Error : 오류: "empno" 칼럼의 자료가 빠졌음
  Where: avac_v3_avwv3virusalertlog 복사, 1번째 줄: ""19870683"|"172.20.13.51"|"F44D304CB46A"|"2021-11-09 18:04:26.0"|"19870683"|"21133"|"0001"|"Worm.Win..."
[2021-11-10 15:27:20] Data Insert Stop - Total Count : 2
[2021-11-10 15:27:23] Log data collect end.
[2021-11-10 15:29:53] 배치 Thread 실행
[2021-11-10 15:29:53] Collector Demon이 시작되었습니다...
[2021-11-10 15:29:54] [ collect_query ] select LOGIN_ID, NAME, LOGIN_PW, ORG_ID, ORG_NAME, EMAIL, now(), '1001', '1' FROM v_tgate_user
[2021-11-10 15:29:54] Data Parsing Start
[2021-11-10 15:29:54] Data Insert Stop - Total Count : 2
[2021-11-10 15:29:54] [ collect_query ] SELECT ORG_ID, ORG_PID, ORG_NAME, ORG_FULLNM, DISP_ORDR, '1', now(), '1001' FROM v_tgate_dept
[2021-11-10 15:29:54] Data Parsing Start
[2021-11-10 15:29:54] Data Insert Stop - Total Count : 4
[2021-11-10 15:29:54] [ collect_query ] SELECT IP_ADDRESS, MAC_ADDRESS, LOGIN_ID, (select EMAIL FROM v_tgate_user as t_user where t_user.login_id = t_device.login_id) as EMAIL, cast(LAST_LOGIN_DT as datetime), now() FROM v_tgate_device as t_device
[2021-11-10 15:29:54] Data Parsing Start
[2021-11-10 15:29:54] Data Insert Stop - Total Count : 2
[2021-11-10 15:29:57] [ condition query ] LASTUPDATETIME > $$condition_value$$ [ condition value ] '2021-11-08 14:01:15.0'
[2021-11-10 15:29:57] [ collect_query ] select ipaddr,macaddr,yearmonth,week,lastupdatetime,synctime,grade,totalcnt,safecnt,vulncnt,failcnt,reserved01,reserved02,reserved03,reserved04,reserved05,reserved06,reserved07,reserved08,reserved09,reserved10,i000001,i000002,i000003,i000004,i000005,i000006,i000007,i000008,i000009,i000010,i000011,i000012,i000013,i000014,i000015,i000016,i000017,i000018,i000019,i000020,i000021,i000022,i000023,i000024,i000025,i000026,i000027,i000028,i000029,i000030,i000031,i000032,i000033,i000034,i000035,i000036,i000037,i000038,i000039,i000040,i000041,i000042,i000043,i000044,i000045,i000046,i000047,i000048,i000049,i000050,i000051 from nemo.avwmypccustom WHERE LASTUPDATETIME > '2021-11-08 14:01:15.0' ORDER BY LASTUPDATETIME
[2021-11-10 15:29:57] Data Parsing Start
[2021-11-10 15:30:21] Data Insert Stop - Total Count : 2
[2021-11-10 15:30:24] [ condition query ] clienttime > $$condition_value$$ [ condition value ] '2021-07-12 18:04:26.0'
[2021-11-10 15:30:24] [ collect_query ] select logid,nodeserial,nodeguid,name,path,status,scantype,owner,access,infector,clienttime,clientipaddr,clientcomputername,clientloginid,clientusername,clientdepartment,servertime,synctime from nemo.avwv3virusalertlog WHERE clienttime > '2021-07-12 18:04:26.0' ORDER BY CLIENTTIME
[2021-11-10 15:30:24] Data Parsing Start
[2021-11-10 15:30:39] Data Insert Stop - Total Count : 2
[2021-11-10 15:30:42] Log data collect end.
[2021-11-10 15:34:28] 배치 Thread 실행
[2021-11-10 15:34:28] Collector Demon이 시작되었습니다...
[2021-11-10 15:34:29] [ collect_query ] select LOGIN_ID, NAME, LOGIN_PW, ORG_ID, ORG_NAME, EMAIL, now(), '1001', '1' FROM v_tgate_user
[2021-11-10 15:34:29] Data Parsing Start
[2021-11-10 15:34:29] Data Insert Stop - Total Count : 2
[2021-11-10 15:34:29] [ collect_query ] SELECT ORG_ID, ORG_PID, ORG_NAME, ORG_FULLNM, DISP_ORDR, '1', now(), '1001' FROM v_tgate_dept
[2021-11-10 15:34:29] Data Parsing Start
[2021-11-10 15:34:29] Data Insert Stop - Total Count : 4
[2021-11-10 15:34:29] [ collect_query ] SELECT IP_ADDRESS, MAC_ADDRESS, LOGIN_ID, (select EMAIL FROM v_tgate_user as t_user where t_user.login_id = t_device.login_id) as EMAIL, cast(LAST_LOGIN_DT as datetime), now() FROM v_tgate_device as t_device
[2021-11-10 15:34:29] Data Parsing Start
[2021-11-10 15:34:29] Data Insert Stop - Total Count : 2
[2021-11-10 15:34:33] [ condition query ] LASTUPDATETIME > $$condition_value$$ [ condition value ] '2021-11-09 14:01:15.0'
[2021-11-10 15:34:33] [ collect_query ] select ipaddr,macaddr,yearmonth,week,lastupdatetime,synctime,grade,totalcnt,safecnt,vulncnt,failcnt,reserved01,reserved02,reserved03,reserved04,reserved05,reserved06,reserved07,reserved08,reserved09,reserved10,i000001,i000002,i000003,i000004,i000005,i000006,i000007,i000008,i000009,i000010,i000011,i000012,i000013,i000014,i000015,i000016,i000017,i000018,i000019,i000020,i000021,i000022,i000023,i000024,i000025,i000026,i000027,i000028,i000029,i000030,i000031,i000032,i000033,i000034,i000035,i000036,i000037,i000038,i000039,i000040,i000041,i000042,i000043,i000044,i000045,i000046,i000047,i000048,i000049,i000050,i000051 from nemo.avwmypccustom WHERE LASTUPDATETIME > '2021-11-09 14:01:15.0' ORDER BY LASTUPDATETIME
[2021-11-10 15:34:33] [ avwmypccustom ] Log 수집 데이터 없음..... 파일생성 및 전송 미처리...
[2021-11-10 15:34:36] [ condition query ] clienttime > $$condition_value$$ [ condition value ] '2021-11-08 18:04:26.0'
[2021-11-10 15:34:36] [ collect_query ] select logid,nodeserial,nodeguid,name,path,status,scantype,owner,access,infector,clienttime,clientipaddr,clientcomputername,clientloginid,clientusername,clientdepartment,servertime,synctime from nemo.avwv3virusalertlog WHERE clienttime > '2021-11-08 18:04:26.0' ORDER BY CLIENTTIME
[2021-11-10 15:34:36] Data Parsing Start
[2021-11-10 15:35:58] Data Insert Stop - Total Count : 2
[2021-11-10 15:36:01] Log data collect end.
[2021-11-10 15:43:02] 배치 Thread 실행
[2021-11-10 15:43:02] Collector Demon이 시작되었습니다...
[2021-11-10 15:43:03] [ collect_query ] select LOGIN_ID, NAME, LOGIN_PW, ORG_ID, ORG_NAME, EMAIL, now(), '1001', '1' FROM v_tgate_user
[2021-11-10 15:43:03] Data Parsing Start
[2021-11-10 15:43:03] Data Insert Stop - Total Count : 2
[2021-11-10 15:43:03] [ collect_query ] SELECT ORG_ID, ORG_PID, ORG_NAME, ORG_FULLNM, DISP_ORDR, '1', now(), '1001' FROM v_tgate_dept
[2021-11-10 15:43:03] Data Parsing Start
[2021-11-10 15:43:03] Data Insert Stop - Total Count : 4
[2021-11-10 15:43:03] [ collect_query ] SELECT IP_ADDRESS, MAC_ADDRESS, LOGIN_ID, (select EMAIL FROM v_tgate_user as t_user where t_user.login_id = t_device.login_id) as EMAIL, cast(LAST_LOGIN_DT as datetime), now() FROM v_tgate_device as t_device
[2021-11-10 15:43:03] Data Parsing Start
[2021-11-10 15:43:03] Data Insert Stop - Total Count : 2
[2021-11-10 15:43:07] [ condition query ] LASTUPDATETIME > $$condition_value$$ [ condition value ] '2021-11-09 14:01:15.0'
[2021-11-10 15:43:07] [ collect_query ] select ipaddr,macaddr,yearmonth,week,lastupdatetime,synctime,grade,totalcnt,safecnt,vulncnt,failcnt,reserved01,reserved02,reserved03,reserved04,reserved05,reserved06,reserved07,reserved08,reserved09,reserved10,i000001,i000002,i000003,i000004,i000005,i000006,i000007,i000008,i000009,i000010,i000011,i000012,i000013,i000014,i000015,i000016,i000017,i000018,i000019,i000020,i000021,i000022,i000023,i000024,i000025,i000026,i000027,i000028,i000029,i000030,i000031,i000032,i000033,i000034,i000035,i000036,i000037,i000038,i000039,i000040,i000041,i000042,i000043,i000044,i000045,i000046,i000047,i000048,i000049,i000050,i000051 from nemo.avwmypccustom WHERE LASTUPDATETIME > '2021-11-09 14:01:15.0' ORDER BY LASTUPDATETIME
[2021-11-10 15:43:07] [ avwmypccustom ] Log 수집 데이터 없음..... 파일생성 및 전송 미처리...
[2021-11-10 15:43:10] [ condition query ] clienttime > $$condition_value$$ [ condition value ] '2021-11-09 18:04:26.0'
[2021-11-10 15:43:10] [ collect_query ] select logid,nodeserial,nodeguid,name,path,status,scantype,owner,access,infector,clienttime,clientipaddr,clientcomputername,clientloginid,clientusername,clientdepartment,servertime,synctime from nemo.avwv3virusalertlog WHERE clienttime > '2021-11-09 18:04:26.0' ORDER BY CLIENTTIME
[2021-11-10 15:43:10] [ v3_avwv3virusalertlog ] Log 수집 데이터 없음..... 파일생성 및 전송 미처리...
[2021-11-10 15:43:13] Log data collect end.
[2021-11-10 15:45:55] 배치 Thread 실행
[2021-11-10 15:45:55] Collector Demon이 시작되었습니다...
[2021-11-10 15:45:56] [ collect_query ] select LOGIN_ID, NAME, LOGIN_PW, ORG_ID, ORG_NAME, EMAIL, now(), '1001', '1' FROM v_tgate_user
[2021-11-10 15:45:56] Data Parsing Start
[2021-11-10 15:45:56] Data Insert Stop - Total Count : 2
[2021-11-10 15:45:56] [ collect_query ] SELECT ORG_ID, ORG_PID, ORG_NAME, ORG_FULLNM, DISP_ORDR, '1', now(), '1001' FROM v_tgate_dept
[2021-11-10 15:45:56] Data Parsing Start
[2021-11-10 15:45:56] Data Insert Stop - Total Count : 4
[2021-11-10 15:45:56] [ collect_query ] SELECT IP_ADDRESS, MAC_ADDRESS, LOGIN_ID, (select EMAIL FROM v_tgate_user as t_user where t_user.login_id = t_device.login_id) as EMAIL, cast(LAST_LOGIN_DT as datetime), now() FROM v_tgate_device as t_device
[2021-11-10 15:45:56] Data Parsing Start
[2021-11-10 15:45:56] Data Insert Stop - Total Count : 2
[2021-11-10 15:45:59] [ condition query ] LASTUPDATETIME > $$condition_value$$ [ condition value ] '2021-11-09 14:01:15.0'
[2021-11-10 15:45:59] [ collect_query ] select ipaddr,macaddr,yearmonth,week,lastupdatetime,synctime,grade,totalcnt,safecnt,vulncnt,failcnt,reserved01,reserved02,reserved03,reserved04,reserved05,reserved06,reserved07,reserved08,reserved09,reserved10,i000001,i000002,i000003,i000004,i000005,i000006,i000007,i000008,i000009,i000010,i000011,i000012,i000013,i000014,i000015,i000016,i000017,i000018,i000019,i000020,i000021,i000022,i000023,i000024,i000025,i000026,i000027,i000028,i000029,i000030,i000031,i000032,i000033,i000034,i000035,i000036,i000037,i000038,i000039,i000040,i000041,i000042,i000043,i000044,i000045,i000046,i000047,i000048,i000049,i000050,i000051 from nemo.avwmypccustom WHERE LASTUPDATETIME > '2021-11-09 14:01:15.0' ORDER BY LASTUPDATETIME
[2021-11-10 15:45:59] [ avwmypccustom ] Log 수집 데이터 없음..... 파일생성 및 전송 미처리...
[2021-11-10 15:46:02] [ condition query ] clienttime > $$condition_value$$ [ condition value ] '2021-11-09 18:04:26.0'
[2021-11-10 15:46:02] [ collect_query ] select logid,nodeserial,nodeguid,name,path,status,scantype,owner,access,infector,clienttime,clientipaddr,clientcomputername,clientloginid,clientusername,clientdepartment,servertime,synctime from nemo.avwv3virusalertlog WHERE clienttime > '2021-11-09 18:04:26.0' ORDER BY CLIENTTIME
[2021-11-10 15:46:02] [ v3_avwv3virusalertlog ] Log 수집 데이터 없음..... 파일생성 및 전송 미처리...
[2021-11-10 15:46:05] Log data collect end.
[2021-11-10 16:03:25] 배치 Thread 실행
[2021-11-10 16:03:25] Collector Demon이 시작되었습니다...
[2021-11-10 16:03:26] [ collect_query ] select LOGIN_ID, NAME, LOGIN_PW, ORG_ID, ORG_NAME, EMAIL, now(), '1001', '1' FROM v_tgate_user
[2021-11-10 16:03:26] Data Parsing Start
[2021-11-10 16:03:26] Data Insert Stop - Total Count : 2
[2021-11-10 16:03:26] [ collect_query ] SELECT ORG_ID, ORG_PID, ORG_NAME, ORG_FULLNM, DISP_ORDR, '1', now(), '1001' FROM v_tgate_dept
[2021-11-10 16:03:26] Data Parsing Start
[2021-11-10 16:03:26] Data Insert Stop - Total Count : 4
[2021-11-10 16:03:26] [ collect_query ] SELECT IP_ADDRESS, MAC_ADDRESS, LOGIN_ID, (select EMAIL FROM v_tgate_user as t_user where t_user.login_id = t_device.login_id) as EMAIL, cast(LAST_LOGIN_DT as datetime), now() FROM v_tgate_device as t_device
[2021-11-10 16:03:26] Data Parsing Start
[2021-11-10 16:03:26] Data Insert Stop - Total Count : 2
[2021-11-10 16:03:30] [ condition query ] LASTUPDATETIME > $$condition_value$$ [ condition value ] '2021-11-09 14:01:15.0'
[2021-11-10 16:03:30] [ collect_query ] select ipaddr,macaddr,yearmonth,week,lastupdatetime,synctime,grade,totalcnt,safecnt,vulncnt,failcnt,reserved01,reserved02,reserved03,reserved04,reserved05,reserved06,reserved07,reserved08,reserved09,reserved10,i000001,i000002,i000003,i000004,i000005,i000006,i000007,i000008,i000009,i000010,i000011,i000012,i000013,i000014,i000015,i000016,i000017,i000018,i000019,i000020,i000021,i000022,i000023,i000024,i000025,i000026,i000027,i000028,i000029,i000030,i000031,i000032,i000033,i000034,i000035,i000036,i000037,i000038,i000039,i000040,i000041,i000042,i000043,i000044,i000045,i000046,i000047,i000048,i000049,i000050,i000051 from nemo.avwmypccustom WHERE LASTUPDATETIME > '2021-11-09 14:01:15.0' ORDER BY LASTUPDATETIME
[2021-11-10 16:03:30] [ avwmypccustom ] Log 수집 데이터 없음..... 파일생성 및 전송 미처리...
[2021-11-10 16:03:33] [ condition query ] clienttime > $$condition_value$$ [ condition value ] '2021-11-09 18:04:26.0'
[2021-11-10 16:03:33] [ collect_query ] select logid,nodeserial,nodeguid,name,path,status,scantype,owner,access,infector,clienttime,clientipaddr,clientcomputername,clientloginid,clientusername,clientdepartment,servertime,synctime from nemo.avwv3virusalertlog WHERE clienttime > '2021-11-09 18:04:26.0' ORDER BY CLIENTTIME
[2021-11-10 16:03:33] [ v3_avwv3virusalertlog ] Log 수집 데이터 없음..... 파일생성 및 전송 미처리...
[2021-11-10 16:03:36] Log data collect end.
[2021-11-10 16:09:17] 배치 Thread 실행
[2021-11-10 16:09:17] Collector Demon이 시작되었습니다...
[2021-11-10 16:09:17] [ collect_query ] select LOGIN_ID, NAME, LOGIN_PW, ORG_ID, ORG_NAME, EMAIL, now(), '1001', '1' FROM v_tgate_user
[2021-11-10 16:09:17] Data Parsing Start
[2021-11-10 16:09:17] Data Insert Stop - Total Count : 2
[2021-11-10 16:09:17] [ collect_query ] SELECT ORG_ID, ORG_PID, ORG_NAME, ORG_FULLNM, DISP_ORDR, '1', now(), '1001' FROM v_tgate_dept
[2021-11-10 16:09:17] Data Parsing Start
[2021-11-10 16:10:14] Data Insert Stop - Total Count : 4
[2021-11-10 16:10:14] [ collect_query ] SELECT IP_ADDRESS, MAC_ADDRESS, LOGIN_ID, (select EMAIL FROM v_tgate_user as t_user where t_user.login_id = t_device.login_id) as EMAIL, cast(LAST_LOGIN_DT as datetime), now() FROM v_tgate_device as t_device
[2021-11-10 16:10:14] Data Parsing Start
[2021-11-10 16:10:14] Data Insert Stop - Total Count : 2
[2021-11-10 16:10:17] [ condition query ] LASTUPDATETIME > $$condition_value$$ [ condition value ] '2021-11-09 14:01:15.0'
[2021-11-10 16:10:17] [ collect_query ] select ipaddr,macaddr,yearmonth,week,lastupdatetime,synctime,grade,totalcnt,safecnt,vulncnt,failcnt,reserved01,reserved02,reserved03,reserved04,reserved05,reserved06,reserved07,reserved08,reserved09,reserved10,i000001,i000002,i000003,i000004,i000005,i000006,i000007,i000008,i000009,i000010,i000011,i000012,i000013,i000014,i000015,i000016,i000017,i000018,i000019,i000020,i000021,i000022,i000023,i000024,i000025,i000026,i000027,i000028,i000029,i000030,i000031,i000032,i000033,i000034,i000035,i000036,i000037,i000038,i000039,i000040,i000041,i000042,i000043,i000044,i000045,i000046,i000047,i000048,i000049,i000050,i000051 from nemo.avwmypccustom WHERE LASTUPDATETIME > '2021-11-09 14:01:15.0' ORDER BY LASTUPDATETIME
[2021-11-10 16:10:17] [ avwmypccustom ] Log 수집 데이터 없음..... 파일생성 및 전송 미처리...
[2021-11-10 16:10:20] [ condition query ] clienttime > $$condition_value$$ [ condition value ] '2021-11-09 18:04:26.0'
[2021-11-10 16:10:20] [ collect_query ] select logid,nodeserial,nodeguid,name,path,status,scantype,owner,access,infector,clienttime,clientipaddr,clientcomputername,clientloginid,clientusername,clientdepartment,servertime,synctime from nemo.avwv3virusalertlog WHERE clienttime > '2021-11-09 18:04:26.0' ORDER BY CLIENTTIME
[2021-11-10 16:10:20] [ v3_avwv3virusalertlog ] Log 수집 데이터 없음..... 파일생성 및 전송 미처리...
[2021-11-10 16:10:23] Log data collect end.
[2021-11-10 16:12:06] 배치 Thread 실행
[2021-11-10 16:12:06] Collector Demon이 시작되었습니다...
[2021-11-10 16:12:07] [ collect_query ] select LOGIN_ID, NAME, LOGIN_PW, ORG_ID, ORG_NAME, EMAIL, now(), '1001', '1' FROM v_tgate_user
[2021-11-10 16:12:07] Data Parsing Start
[2021-11-10 16:12:07] Data Insert Stop - Total Count : 2
[2021-11-10 16:12:07] [ collect_query ] SELECT ORG_ID, ORG_PID, ORG_NAME, ORG_FULLNM, DISP_ORDR, '1', now(), '1001' FROM v_tgate_dept
[2021-11-10 16:12:07] Data Parsing Start
[2021-11-10 16:12:07] Data Insert Stop - Total Count : 5
[2021-11-10 16:12:07] [ collect_query ] SELECT IP_ADDRESS, MAC_ADDRESS, LOGIN_ID, (select EMAIL FROM v_tgate_user as t_user where t_user.login_id = t_device.login_id) as EMAIL, cast(LAST_LOGIN_DT as datetime), now() FROM v_tgate_device as t_device
[2021-11-10 16:12:07] Data Parsing Start
[2021-11-10 16:12:07] Data Insert Stop - Total Count : 2
[2021-11-10 16:12:10] [ condition query ] LASTUPDATETIME > $$condition_value$$ [ condition value ] '2021-11-09 14:01:15.0'
[2021-11-10 16:12:10] [ collect_query ] select ipaddr,macaddr,yearmonth,week,lastupdatetime,synctime,grade,totalcnt,safecnt,vulncnt,failcnt,reserved01,reserved02,reserved03,reserved04,reserved05,reserved06,reserved07,reserved08,reserved09,reserved10,i000001,i000002,i000003,i000004,i000005,i000006,i000007,i000008,i000009,i000010,i000011,i000012,i000013,i000014,i000015,i000016,i000017,i000018,i000019,i000020,i000021,i000022,i000023,i000024,i000025,i000026,i000027,i000028,i000029,i000030,i000031,i000032,i000033,i000034,i000035,i000036,i000037,i000038,i000039,i000040,i000041,i000042,i000043,i000044,i000045,i000046,i000047,i000048,i000049,i000050,i000051 from nemo.avwmypccustom WHERE LASTUPDATETIME > '2021-11-09 14:01:15.0' ORDER BY LASTUPDATETIME
[2021-11-10 16:12:10] [ avwmypccustom ] Log 수집 데이터 없음..... 파일생성 및 전송 미처리...
[2021-11-10 16:12:13] [ condition query ] clienttime > $$condition_value$$ [ condition value ] '2021-11-09 18:04:26.0'
[2021-11-10 16:12:13] [ collect_query ] select logid,nodeserial,nodeguid,name,path,status,scantype,owner,access,infector,clienttime,clientipaddr,clientcomputername,clientloginid,clientusername,clientdepartment,servertime,synctime from nemo.avwv3virusalertlog WHERE clienttime > '2021-11-09 18:04:26.0' ORDER BY CLIENTTIME
[2021-11-10 16:12:13] [ v3_avwv3virusalertlog ] Log 수집 데이터 없음..... 파일생성 및 전송 미처리...
[2021-11-10 16:12:16] Log data collect end.
[2021-11-10 16:49:08] 배치 Thread 실행
[2021-11-10 16:49:08] Collector Demon이 시작되었습니다...
[2021-11-10 16:49:09] [ collect_query ] select LOGIN_ID, NAME, LOGIN_PW, ORG_ID, ORG_NAME, EMAIL, now(), '1001', '1' FROM v_tgate_user
[2021-11-10 16:49:09] Data Parsing Start
[2021-11-10 16:49:09] Data Insert Stop - Total Count : 2
[2021-11-10 16:49:09] [ collect_query ] SELECT ORG_ID, ORG_PID, ORG_NAME, ORG_FULLNM, DISP_ORDR, '1', now(), '1001' FROM v_tgate_dept
[2021-11-10 16:49:09] Data Parsing Start
[2021-11-10 16:49:09] Data Insert Stop - Total Count : 5
[2021-11-10 16:49:09] [ collect_query ] SELECT IP_ADDRESS, MAC_ADDRESS, LOGIN_ID, (select EMAIL FROM v_tgate_user as t_user where t_user.login_id = t_device.login_id) as EMAIL, cast(LAST_LOGIN_DT as datetime), now() FROM v_tgate_device as t_device
[2021-11-10 16:49:09] Data Parsing Start
[2021-11-10 16:49:09] Data Insert Stop - Total Count : 2
[2021-11-10 16:49:12] [ condition query ] LASTUPDATETIME > $$condition_value$$ [ condition value ] '2021-11-09 14:01:15.0'
[2021-11-10 16:49:12] [ collect_query ] select ipaddr,macaddr,yearmonth,week,lastupdatetime,synctime,grade,totalcnt,safecnt,vulncnt,failcnt,reserved01,reserved02,reserved03,reserved04,reserved05,reserved06,reserved07,reserved08,reserved09,reserved10,i000001,i000002,i000003,i000004,i000005,i000006,i000007,i000008,i000009,i000010,i000011,i000012,i000013,i000014,i000015,i000016,i000017,i000018,i000019,i000020,i000021,i000022,i000023,i000024,i000025,i000026,i000027,i000028,i000029,i000030,i000031,i000032,i000033,i000034,i000035,i000036,i000037,i000038,i000039,i000040,i000041,i000042,i000043,i000044,i000045,i000046,i000047,i000048,i000049,i000050,i000051 from nemo.avwmypccustom WHERE LASTUPDATETIME > '2021-11-09 14:01:15.0' ORDER BY LASTUPDATETIME
[2021-11-10 16:49:12] [ avwmypccustom ] Log 수집 데이터 없음..... 파일생성 및 전송 미처리...
[2021-11-10 16:49:15] [ condition query ] clienttime > $$condition_value$$ [ condition value ] '2021-11-09 18:04:26.0'
[2021-11-10 16:49:15] [ collect_query ] select logid,nodeserial,nodeguid,name,path,status,scantype,owner,access,infector,clienttime,clientipaddr,clientcomputername,clientloginid,clientusername,clientdepartment,servertime,synctime from nemo.avwv3virusalertlog WHERE clienttime > '2021-11-09 18:04:26.0' ORDER BY CLIENTTIME
[2021-11-10 16:49:15] [ v3_avwv3virusalertlog ] Log 수집 데이터 없음..... 파일생성 및 전송 미처리...
[2021-11-10 16:49:18] Log data collect end.
[2021-11-10 17:01:48] 배치 Thread 실행
[2021-11-10 17:01:48] Collector Demon이 시작되었습니다...
[2021-11-10 17:01:49] [ collect_query ] select LOGIN_ID, NAME, LOGIN_PW, ORG_ID, ORG_NAME, EMAIL, now(), '1001', '1' FROM v_tgate_user
[2021-11-10 17:01:49] Data Parsing Start
[2021-11-10 17:01:49] Data Insert Stop - Total Count : 2
[2021-11-10 17:01:49] [ collect_query ] SELECT ORG_ID, ORG_PID, ORG_NAME, ORG_FULLNM, DISP_ORDR, '1', now(), '1001' FROM v_tgate_dept
[2021-11-10 17:01:49] Data Parsing Start
[2021-11-10 17:01:49] Data Insert Stop - Total Count : 5
[2021-11-10 17:01:49] [ collect_query ] SELECT IP_ADDRESS, MAC_ADDRESS, LOGIN_ID, (select EMAIL FROM v_tgate_user as t_user where t_user.login_id = t_device.login_id) as EMAIL, cast(LAST_LOGIN_DT as datetime), now() FROM v_tgate_device as t_device
[2021-11-10 17:01:49] Data Parsing Start
[2021-11-10 17:01:49] Data Insert Stop - Total Count : 2
[2021-11-10 17:01:52] [ condition query ] LASTUPDATETIME > $$condition_value$$ [ condition value ] '2021-11-09 14:01:15.0'
[2021-11-10 17:01:52] [ collect_query ] select ipaddr,macaddr,yearmonth,week,lastupdatetime,synctime,grade,totalcnt,safecnt,vulncnt,failcnt,reserved01,reserved02,reserved03,reserved04,reserved05,reserved06,reserved07,reserved08,reserved09,reserved10,i000001,i000002,i000003,i000004,i000005,i000006,i000007,i000008,i000009,i000010,i000011,i000012,i000013,i000014,i000015,i000016,i000017,i000018,i000019,i000020,i000021,i000022,i000023,i000024,i000025,i000026,i000027,i000028,i000029,i000030,i000031,i000032,i000033,i000034,i000035,i000036,i000037,i000038,i000039,i000040,i000041,i000042,i000043,i000044,i000045,i000046,i000047,i000048,i000049,i000050,i000051 from nemo.avwmypccustom WHERE LASTUPDATETIME > '2021-11-09 14:01:15.0' ORDER BY LASTUPDATETIME
[2021-11-10 17:01:52] [ avwmypccustom ] Log 수집 데이터 없음..... 파일생성 및 전송 미처리...
[2021-11-10 17:01:55] [ condition query ] clienttime > $$condition_value$$ [ condition value ] '2021-11-09 18:04:26.0'
[2021-11-10 17:01:55] [ collect_query ] select logid,nodeserial,nodeguid,name,path,status,scantype,owner,access,infector,clienttime,clientipaddr,clientcomputername,clientloginid,clientusername,clientdepartment,servertime,synctime from nemo.avwv3virusalertlog WHERE clienttime > '2021-11-09 18:04:26.0' ORDER BY CLIENTTIME
[2021-11-10 17:01:55] [ v3_avwv3virusalertlog ] Log 수집 데이터 없음..... 파일생성 및 전송 미처리...
[2021-11-10 17:01:58] Log data collect end.
[2021-11-10 17:04:09] 배치 Thread 실행
[2021-11-10 17:04:09] Collector Demon이 시작되었습니다...
[2021-11-10 17:04:10] [ collect_query ] select LOGIN_ID, NAME, LOGIN_PW, ORG_ID, ORG_NAME, EMAIL, now(), '1001', '1' FROM v_tgate_user
[2021-11-10 17:04:10] Data Parsing Start
[2021-11-10 17:04:10] Data Insert Stop - Total Count : 2
[2021-11-10 17:04:10] [ collect_query ] SELECT ORG_ID, ORG_PID, ORG_NAME, ORG_FULLNM, DISP_ORDR, '1', now(), '1001' FROM v_tgate_dept
[2021-11-10 17:04:10] Data Parsing Start
[2021-11-10 17:04:10] Data Insert Stop - Total Count : 5
[2021-11-10 17:04:10] [ collect_query ] SELECT IP_ADDRESS, MAC_ADDRESS, LOGIN_ID, (select EMAIL FROM v_tgate_user as t_user where t_user.login_id = t_device.login_id) as EMAIL, cast(LAST_LOGIN_DT as datetime), now() FROM v_tgate_device as t_device
[2021-11-10 17:04:10] Data Parsing Start
[2021-11-10 17:04:10] Data Insert Stop - Total Count : 2
[2021-11-10 17:04:13] [ condition query ] LASTUPDATETIME > $$condition_value$$ [ condition value ] '2021-11-09 14:01:15.0'
[2021-11-10 17:04:13] [ collect_query ] select ipaddr,macaddr,yearmonth,week,lastupdatetime,synctime,grade,totalcnt,safecnt,vulncnt,failcnt,reserved01,reserved02,reserved03,reserved04,reserved05,reserved06,reserved07,reserved08,reserved09,reserved10,i000001,i000002,i000003,i000004,i000005,i000006,i000007,i000008,i000009,i000010,i000011,i000012,i000013,i000014,i000015,i000016,i000017,i000018,i000019,i000020,i000021,i000022,i000023,i000024,i000025,i000026,i000027,i000028,i000029,i000030,i000031,i000032,i000033,i000034,i000035,i000036,i000037,i000038,i000039,i000040,i000041,i000042,i000043,i000044,i000045,i000046,i000047,i000048,i000049,i000050,i000051 from nemo.avwmypccustom WHERE LASTUPDATETIME > '2021-11-09 14:01:15.0' ORDER BY LASTUPDATETIME
[2021-11-10 17:04:13] [ avwmypccustom ] Log 수집 데이터 없음..... 파일생성 및 전송 미처리...
[2021-11-10 17:04:16] [ condition query ] clienttime > $$condition_value$$ [ condition value ] '2021-11-09 18:04:26.0'
[2021-11-10 17:04:16] [ collect_query ] select logid,nodeserial,nodeguid,name,path,status,scantype,owner,access,infector,clienttime,clientipaddr,clientcomputername,clientloginid,clientusername,clientdepartment,servertime,synctime from nemo.avwv3virusalertlog WHERE clienttime > '2021-11-09 18:04:26.0' ORDER BY CLIENTTIME
[2021-11-10 17:04:16] [ v3_avwv3virusalertlog ] Log 수집 데이터 없음..... 파일생성 및 전송 미처리...
[2021-11-10 17:04:19] Log data collect end.
[2021-11-10 17:13:48] 배치 Thread 실행
[2021-11-10 17:13:48] Collector Demon이 시작되었습니다...
[2021-11-10 17:13:49] [ collect_query ] select LOGIN_ID, NAME, LOGIN_PW, ORG_ID, ORG_NAME, EMAIL, now(), '1001', '1' FROM v_tgate_user
[2021-11-10 17:13:49] Data Parsing Start
[2021-11-10 17:13:49] Data Insert Stop - Total Count : 2
[2021-11-10 17:13:49] [ collect_query ] SELECT ORG_ID, ORG_PID, ORG_NAME, ORG_FULLNM, DISP_ORDR, '1', now(), '1001' FROM v_tgate_dept
[2021-11-10 17:13:49] Data Parsing Start
[2021-11-10 17:13:49] java.lang.StringIndexOutOfBoundsException: String index out of range: -1
[2021-11-10 17:13:52] [ condition query ] LASTUPDATETIME > $$condition_value$$ [ condition value ] '2021-11-09 14:01:15.0'
[2021-11-10 17:13:52] [ collect_query ] select ipaddr,macaddr,yearmonth,week,lastupdatetime,synctime,grade,totalcnt,safecnt,vulncnt,failcnt,reserved01,reserved02,reserved03,reserved04,reserved05,reserved06,reserved07,reserved08,reserved09,reserved10,i000001,i000002,i000003,i000004,i000005,i000006,i000007,i000008,i000009,i000010,i000011,i000012,i000013,i000014,i000015,i000016,i000017,i000018,i000019,i000020,i000021,i000022,i000023,i000024,i000025,i000026,i000027,i000028,i000029,i000030,i000031,i000032,i000033,i000034,i000035,i000036,i000037,i000038,i000039,i000040,i000041,i000042,i000043,i000044,i000045,i000046,i000047,i000048,i000049,i000050,i000051 from nemo.avwmypccustom WHERE LASTUPDATETIME > '2021-11-09 14:01:15.0' ORDER BY LASTUPDATETIME
[2021-11-10 17:13:52] [ avwmypccustom ] Log 수집 데이터 없음..... 파일생성 및 전송 미처리...
[2021-11-10 17:13:56] [ condition query ] clienttime > $$condition_value$$ [ condition value ] '2021-11-09 18:04:26.0'
[2021-11-10 17:13:56] [ collect_query ] select logid,nodeserial,nodeguid,name,path,status,scantype,owner,access,infector,clienttime,clientipaddr,clientcomputername,clientloginid,clientusername,clientdepartment,servertime,synctime from nemo.avwv3virusalertlog WHERE clienttime > '2021-11-09 18:04:26.0' ORDER BY CLIENTTIME
[2021-11-10 17:13:56] [ v3_avwv3virusalertlog ] Log 수집 데이터 없음..... 파일생성 및 전송 미처리...
[2021-11-10 17:13:59] Log data collect end.
[2021-11-10 17:14:32] 배치 Thread 실행
[2021-11-10 17:14:32] Collector Demon이 시작되었습니다...
[2021-11-10 17:14:32] [ collect_query ] select LOGIN_ID, NAME, LOGIN_PW, ORG_ID, ORG_NAME, EMAIL, now(), '1001', '1' FROM v_tgate_user
[2021-11-10 17:14:33] Data Parsing Start
[2021-11-10 17:14:48] Data Insert Stop - Total Count : 2
[2021-11-10 17:14:48] [ collect_query ] SELECT ORG_ID, ORG_PID, ORG_NAME, ORG_FULLNM, DISP_ORDR, '1', now(), '1001' FROM v_tgate_dept
[2021-11-10 17:14:48] Data Parsing Start
[2021-11-10 17:16:45] 배치 Thread 실행
[2021-11-10 17:16:45] Collector Demon이 시작되었습니다...
[2021-11-10 17:16:46] [ collect_query ] select LOGIN_ID, NAME, LOGIN_PW, ORG_ID, ORG_NAME, EMAIL, now(), '1001', '1' FROM v_tgate_user
[2021-11-10 17:16:46] Data Parsing Start
[2021-11-10 17:16:46] Data Insert Stop - Total Count : 2
[2021-11-10 17:16:46] [ collect_query ] SELECT ORG_ID, ORG_PID, ORG_NAME, ORG_FULLNM, DISP_ORDR, '1', now(), '1001' FROM v_tgate_dept WHERE ORG_ID <> '0'
[2021-11-10 17:16:46] Data Parsing Start
[2021-11-10 17:16:46] Data Insert Stop - Total Count : 4
[2021-11-10 17:16:46] [ collect_query ] SELECT IP_ADDRESS, MAC_ADDRESS, LOGIN_ID, (select EMAIL FROM v_tgate_user as t_user where t_user.login_id = t_device.login_id) as EMAIL, cast(LAST_LOGIN_DT as datetime), now() FROM v_tgate_device as t_device
[2021-11-10 17:16:46] Data Parsing Start
[2021-11-10 17:16:46] Data Insert Stop - Total Count : 2
[2021-11-10 17:16:50] [ condition query ] LASTUPDATETIME > $$condition_value$$ [ condition value ] '2021-11-09 14:01:15.0'
[2021-11-10 17:16:50] [ collect_query ] select ipaddr,macaddr,yearmonth,week,lastupdatetime,synctime,grade,totalcnt,safecnt,vulncnt,failcnt,reserved01,reserved02,reserved03,reserved04,reserved05,reserved06,reserved07,reserved08,reserved09,reserved10,i000001,i000002,i000003,i000004,i000005,i000006,i000007,i000008,i000009,i000010,i000011,i000012,i000013,i000014,i000015,i000016,i000017,i000018,i000019,i000020,i000021,i000022,i000023,i000024,i000025,i000026,i000027,i000028,i000029,i000030,i000031,i000032,i000033,i000034,i000035,i000036,i000037,i000038,i000039,i000040,i000041,i000042,i000043,i000044,i000045,i000046,i000047,i000048,i000049,i000050,i000051 from nemo.avwmypccustom WHERE LASTUPDATETIME > '2021-11-09 14:01:15.0' ORDER BY LASTUPDATETIME
[2021-11-10 17:16:50] [ avwmypccustom ] Log 수집 데이터 없음..... 파일생성 및 전송 미처리...
[2021-11-10 17:16:53] [ condition query ] clienttime > $$condition_value$$ [ condition value ] '2021-11-09 18:04:26.0'
[2021-11-10 17:16:53] [ collect_query ] select logid,nodeserial,nodeguid,name,path,status,scantype,owner,access,infector,clienttime,clientipaddr,clientcomputername,clientloginid,clientusername,clientdepartment,servertime,synctime from nemo.avwv3virusalertlog WHERE clienttime > '2021-11-09 18:04:26.0' ORDER BY CLIENTTIME
[2021-11-10 17:16:53] [ v3_avwv3virusalertlog ] Log 수집 데이터 없음..... 파일생성 및 전송 미처리...
[2021-11-10 17:16:56] Log data collect end.
