[2019-05-08 11:14:11] 배치 Thread 실행
[2019-05-08 11:14:11] Collector Demon이 시작되었습니다...
[2019-05-08 11:14:17] [ condition query ] qdatetime > $$condition_value$$ [ condition value ] '2019-02-21 19:54:19.0'
[2019-05-08 11:14:17] [ collect_query ] select ldpa,qdatetime,sender,senderno,sendername,senderdept,act,adatetime,actemail,subj,rcpt,reason,attname from view_mlist WHERE qdatetime > '2019-02-21 19:54:19.0' ORDER BY qdatetime
[2019-05-08 11:14:18] Data Parsing Start
[2019-05-08 11:14:19] Data Insert Stop - Total Count : 15000
[2019-05-08 11:14:23] [ condition query ] last_detect_time > $$condition_value$$ [ condition value ] '2019-02-21 19:55:38.477'
[2019-05-08 11:14:23] [ collect_query ] select info_employee_num,connip,mac,detect_date,first_detect_time,user_key,computer,login_account,maldtc_key,mal_loc,file_type,mal_name,mal_category,engine_type,treat_type,detect_count,dgr_type,file_count,is_changed,last_detect_time from maldtc_info WHERE last_detect_time > '2019-02-21 19:55:38.477' ORDER BY last_detect_time
[2019-05-08 11:14:24] Data Parsing Start
[2019-05-08 11:14:26] Data Insert Stop - Total Count : 15000
[2019-05-08 11:14:29] [ condition query ] LASTUPDATETIME > $$condition_value$$ [ condition value ] '2019-02-21 19:58:54.018'
[2019-05-08 11:14:29] [ collect_query ] select ipaddr,macaddr,empno,yearmonth,week,lastupdatetime,synctime,grade,totalcnt,safecnt,vulncnt,failcnt,reserved01,reserved02,reserved03,reserved04,reserved05,reserved06,reserved07,reserved08,reserved09,reserved10,i000001,i000002,i000003,i000004,i000005,i000006,i000007,i000008,i000009,i000010,i000011,i000012,i000013,i000014,i000015,i000016,i000017,i000018,i000019,i000020,i000021,i000022,i000023,i000024,i000025,i000026,i000027,i000028,i000029,i000030,i000031,i000032,i000033,i000034,i000035,i000036,i000037,i000038,i000039,i000040,i000041,i000042,i000043,i000044,i000045,i000046,i000047,i000048,i000049,i000050,i000051 from avwmypccustom WHERE LASTUPDATETIME > '2019-02-21 19:58:54.018' ORDER BY LASTUPDATETIME
[2019-05-08 11:14:31] Data Parsing Start
[2019-05-08 11:14:33] Data Insert Stop - Total Count : 15000
[2019-05-08 11:14:36] [ condition query ] clienttime > $$condition_value$$ [ condition value ] '2019-02-21 19:58:58.411'
[2019-05-08 11:14:36] [ collect_query ] select logid,nodeserial,nodeguid,name,path,status,scantype,owner,access,infector,clienttime,clientipaddr,clientcomputername,clientloginid,clientusername,clientdepartment,servertime,synctime,empno from v3_atbrawv3szalertlog WHERE clienttime > '2019-02-21 19:58:58.411' ORDER BY CLIENTTIME
[2019-05-08 11:14:37] Data Parsing Start
[2019-05-08 11:14:38] Data Insert Stop - Total Count : 15000
[2019-05-08 11:14:38] [ condition query ] clienttime > $$condition_value$$ [ condition value ] '2019-02-21 19:59:02.815'
[2019-05-08 11:14:38] [ collect_query ] select logid,nodeserial,nodeguid,name,path,status,scantype,owner,access,infector,clienttime,clientipaddr,clientcomputername,clientloginid,clientusername,clientdepartment,servertime,synctime,empno from v3_atbrawv3virusalertlog WHERE clienttime > '2019-02-21 19:59:02.815' ORDER BY CLIENTTIME
[2019-05-08 11:14:39] Data Parsing Start
[2019-05-08 11:14:40] Data Insert Stop - Total Count : 15000
[2019-05-08 11:14:44] [ condition query ] to_char(LOCAL_TIME, 'YYYY-MM-DD HH24:MI:SS') > $$condition_value$$ [ condition value ] '2019-02-21 19:33:18'
[2019-05-08 11:14:44] [ collect_query ] SELECT local_time, time_taken, c_ip, x_exception_id, sc_filter_result, cs_categories, sc_status, s_action, sc_bytes, cs_bytes, cs_method, cs_uri_scheme, cs_host, cs_uri_port, cs_uri_path, cs_uri_query, cs_username, cs_auth_qroup, s_supplier_name, rs_content_type, cs_user_agent, x_virus_id, x_rs_certificate_observed_err, x_cs_ocsp_error, x_rs_connection_negotiated, x_rs_certificate_hostname, x_rs_certificate_hostname_cag, x_rs_ocsp_error, s_ip, r_ip FROM proxy_accesslog WHERE to_char(LOCAL_TIME, 'YYYY-MM-DD HH24:MI:SS') > '2019-02-21 19:33:18' ORDER BY LOCAL_TIME
[2019-05-08 11:14:47] Data Parsing Start
[2019-05-08 11:14:48] Data Insert Stop - Total Count : 15000
[2019-05-08 11:14:52] [ condition query ] to_char(ABNORMALTIME, 'YYYY-MM-DD HH24:MI:SS') > $$condition_value$$ [ condition value ] '2019-02-21 19:33:19'
[2019-05-08 11:14:52] [ collect_query ] SELECT abnormalguid, dblogguid, abnormaldataname, abnormaldatacount, dblogtype, netlogguid, abnormaluid, abnormalrownumber, abnormaltime FROM abnormaldata WHERE to_char(ABNORMALTIME, 'YYYY-MM-DD HH24:MI:SS') > '2019-02-21 19:33:19' ORDER BY ABNORMALTIME
[2019-05-08 11:14:55] Data Parsing Start
[2019-05-08 11:14:56] Data Insert Stop - Total Count : 15000
[2019-05-08 11:14:56] [ condition query ] to_char(CAPTURETIME, 'YYYY-MM-DD HH24:MI:SS') > $$condition_value$$ [ condition value ] '2019-02-21 19:33:21'
[2019-05-08 11:14:56] [ collect_query ] SELECT captureguid, capturerownumber, capturecontent, capturesize, capturetime, capturetype, dblogguid, captureuserid FROM capturedata WHERE to_char(CAPTURETIME, 'YYYY-MM-DD HH24:MI:SS') > '2019-02-21 19:33:21' ORDER BY CAPTURETIME
[2019-05-08 11:14:59] Data Parsing Start
[2019-05-08 11:15:00] Data Insert Stop - Total Count : 15000
[2019-05-08 11:15:00] [ condition query ] to_char(DBTIMERECEIVED, 'YYYY-MM-DD HH24:MI:SS') > $$condition_value$$ [ condition value ] '2019-02-21 19:33:25'
[2019-05-08 11:15:00] [ collect_query ] SELECT dbguid, rownumber, rcvid, dbtype, dbdatasize, dbipfrom, dbipto, dbtimereceived, dbtimerequest, dbtimeresponse, dbacctimereceived, dbacctimerequest, dbacctimeresponse, dbsubject, dbcontent, dbcategory, dbquerytype, dbdurationtime, dbrowsaffect, dbsqlcode, dbsqlmessage, dbpacketcount, dbpacketsize, dbtable, dbcolumn, dbcommand, filtername, dbalert, dbsessionguid, dbpid, dbuid, dbmid, realclientip, dblogtype, policyname, policyusergroupname, policyusergrouptargetname, policytimename, policyrulename, policyruledesc, deciderequesttime, decideresponsetime, decideresponsetype, decideofficeruid, alertpolicyname, alertpolicyusergroupname, alertpolicyusergrouptargetname, alertpolicytimename, alertpolicyrulename, alertpolicyruledesc, abnormaldatadesc, iscaptured FROM logdata WHERE to_char(DBTIMERECEIVED, 'YYYY-MM-DD HH24:MI:SS') > '2019-02-21 19:33:25' ORDER BY DBTIMERECEIVED
[2019-05-08 11:15:04] Data Parsing Start
[2019-05-08 11:15:06] Data Insert Stop - Total Count : 15000
[2019-05-08 11:15:06] [ condition query ] to_char(NETSESSTIMERECEIVED, 'YYYY-MM-DD HH24:MI:SS') > $$condition_value$$ [ condition value ] '2019-02-21 19:33:27'
[2019-05-08 11:15:06] [ collect_query ] SELECT netsessionguid, rownumber, rcvid, netsesstype, netsessclientip, netsessclientport, netsessclientmac, netsessserverip, netsessserverport, netsessservermac, netsesssubject, netsesscategory, netsesstimereceived, netsesstimestart, netsessacctimereceived, netsessacctimestart, netsessuserid, netsesspid, netsessuid, netsessmid FROM netsessiondata WHERE to_char(NETSESSTIMERECEIVED, 'YYYY-MM-DD HH24:MI:SS') > '2019-02-21 19:33:27' ORDER BY NETSESSTIMERECEIVED
[2019-05-08 11:15:09] Data Parsing Start
[2019-05-08 11:15:10] Data Insert Stop - Total Count : 15000
[2019-05-08 11:15:10] [ condition query ] to_char(NETTIMERECEIVED, 'YYYY-MM-DD HH24:MI:SS') > $$condition_value$$ [ condition value ] '2019-02-21 19:33:29'
[2019-05-08 11:15:10] [ collect_query ] SELECT netguid, rownumber, rcvid, nettype, netclientsize, netserversize, netipfrom, netipto, nettimereceived, netacctimereceived, netclientcontent, netservercontent, netfilesize, netfilename, netfilecontent, netpacketcount, netpacketsize, netsessionguid, netalert, netpid, netuid, netmid, netlogtype, policyname, policyusergroupname, policyusergrouptargetname, policytimename, policyrulename, policyruledesc, alertpolicyname, alertpolicyusergroupname, alertpolicyusergrouptargetname, alertpolicytimename, alertpolicyrulename, alertpolicyruledesc, abnormaldatadesc, netiscaptured, deciderequesttime, decideresponsetime, decideresponsetype, decideofficeruid FROM networkdata WHERE to_char(NETTIMERECEIVED, 'YYYY-MM-DD HH24:MI:SS') > '2019-02-21 19:33:29' ORDER BY NETTIMERECEIVED
[2019-05-08 11:15:14] Data Parsing Start
[2019-05-08 11:15:16] Data Insert Stop - Total Count : 15000
[2019-05-08 11:15:16] [ condition query ] to_char(ROWCONTENT, 'YYYY-MM-DD HH24:MI:SS') > $$condition_value$$ [ condition value ] '2019-02-21 19:33:31'
[2019-05-08 11:15:16] [ collect_query ] SELECT rowlogguid, rownumber, rcvid, rowtype, rowcontent, rowdbguid, rowresulttype FROM rowdata WHERE to_char(ROWCONTENT, 'YYYY-MM-DD HH24:MI:SS') > '2019-02-21 19:33:31' ORDER BY ROWCONTENT
[2019-05-08 11:15:19] Data Parsing Start
[2019-05-08 11:15:19] Data Insert Stop - Total Count : 15000
[2019-05-08 11:15:19] [ condition query ] to_char(SESSTIMERECEIVED, 'YYYY-MM-DD HH24:MI:SS') > $$condition_value$$ [ condition value ] '2019-02-21 19:33:34'
[2019-05-08 11:15:19] [ collect_query ] SELECT sessionguid, rownumber, rcvid, sessiondbtype, dbsubtype, clientip, clientport, clientmac, serverip, serverport, servermac, sesstimereceived, sesstimelogin, sessaccreceived, sessacctimelogin, userid, dbname, programname, localid, instancename, logondata, dbpid, dbuid, dbmid FROM sessiondata WHERE to_char(SESSTIMERECEIVED, 'YYYY-MM-DD HH24:MI:SS') > '2019-02-21 19:33:34' ORDER BY SESSTIMERECEIVED
[2019-05-08 11:15:23] Data Parsing Start
[2019-05-08 11:15:24] Data Insert Stop - Total Count : 15000
[2019-05-08 11:15:24] [ condition query ] to_char(SESSIONTIMELOGOUT, 'YYYY-MM-DD HH24:MI:SS') > $$condition_value$$ [ condition value ] '2019-02-21 19:33:35'
[2019-05-08 11:15:24] [ collect_query ] SELECT sessstatguid, rownumber, rcvid, sessionrowcount, sessiontimelogout, sessionacctimelogout, sessiontimeduration, sessionmaxduration, sessionavgduration, column1, column2 FROM sessionstatistics WHERE to_char(SESSIONTIMELOGOUT, 'YYYY-MM-DD HH24:MI:SS') > '2019-02-21 19:33:35' ORDER BY SESSIONTIMELOGOUT
[2019-05-08 11:15:28] Data Parsing Start
[2019-05-08 11:15:28] Data Insert Stop - Total Count : 15000
[2019-05-08 11:15:31] [ condition query ] log_date > $$condition_value$$ [ condition value ] '2019-02-21 19:54:13.0'
[2019-05-08 11:15:31] [ collect_query ] select user_code,log_date,ip,mac_address,user_id,owner_code,content_id,content_code,current_content_name,log_type,log_type_name,purpose,purpose_name,purpose_fail_reason,purpose_fail_reason_name,usage_result from fut_log WHERE log_date > '2019-02-21 19:54:13.0' ORDER BY log_date
[2019-05-08 11:15:32] Data Parsing Start
[2019-05-08 11:15:33] Data Insert Stop - Total Count : 15000
[2019-05-08 11:15:36] [ condition query ] reg_dts > $$condition_value$$ [ condition value ] '2019-02-21 19:55:51.327'
[2019-05-08 11:15:36] [ collect_query ] SELECT admin_login_seq, id, ip, login_yn, in_date, reg_dts FROM adminloginlog WHERE reg_dts > '2019-02-21 19:55:51.327' ORDER BY reg_dts
[2019-05-08 11:15:36] Data Parsing Start
[2019-05-08 11:15:37] Data Insert Stop - Total Count : 15000
[2019-05-08 11:15:37] [ condition query ] rundate > $$condition_value$$ [ condition value ] '2019-02-21 19:56:05.733'
[2019-05-08 11:15:37] [ collect_query ] SELECT cmseq, employeeseq, type, rundate, totalcnt, devicetotalcnt, deviceoriginalcnt, deviceoriginalsize, mailtotalcnt, mailoriginalcnt, mailoriginalsize, messengertotalcnt, messengeroriginalcnt, messengeroriginalsize, ftptotalcnt, ftporiginalcnt, ftporiginalsize, devicetotalcnt1, deviceoriginalcnt1, deviceoriginalsize1 FROM concentrationmonitoringtargetlog WHERE rundate > '2019-02-21 19:56:05.733' ORDER BY rundate
[2019-05-08 11:15:37] Data Parsing Start
[2019-05-08 11:15:38] Data Insert Stop - Total Count : 15000
[2019-05-08 11:15:38] [ condition query ] rundate > $$condition_value$$ [ condition value ] '2019-02-21 19:56:20.27'
[2019-05-08 11:15:38] [ collect_query ] SELECT logseq, devicecontrolcode, employeeseq, sendseq, processname, filename, filesize, runfile, rundate, integerip, ip, pysicaladdress, pattern, takeoutcode, action, policy, keyword, duplicatefilecnt, regdate FROM devicecontrollog WHERE rundate > '2019-02-21 19:56:20.27' ORDER BY rundate
[2019-05-08 11:15:38] Data Parsing Start
[2019-05-08 11:15:39] Data Insert Stop - Total Count : 15000
[2019-05-08 11:15:39] [ condition query ] reg_dts > $$condition_value$$ [ condition value ] '2019-02-21 19:56:34.24'
[2019-05-08 11:15:39] [ collect_query ] SELECT history_no, employee_seq, policy_no, requestseq, policy_string, start_day, end_day, allow_memo, use_yn, mod_dts, mod_no, reg_dts, reg_no, policy_history_no FROM employee_take_out_policy_history WHERE reg_dts > '2019-02-21 19:56:34.24' ORDER BY reg_dts
[2019-05-08 11:15:40] Data Parsing Start
[2019-05-08 11:15:41] Data Insert Stop - Total Count : 15000
[2019-05-08 11:15:41] [ condition query ] reg_dts > $$condition_value$$ [ condition value ] '2019-02-21 19:56:47.477'
[2019-05-08 11:15:41] [ collect_query ] SELECT employee_policy_history_no, employee_seq, policy_no, policy_string, use_yn, reg_dts, reg_no, mod_dts, mod_no, policy_history_no FROM employee_watermark_policy_history WHERE reg_dts > '2019-02-21 19:56:47.477' ORDER BY reg_dts
[2019-05-08 11:15:41] Data Parsing Start
[2019-05-08 11:15:42] Data Insert Stop - Total Count : 15000
[2019-05-08 11:15:42] [ condition query ] rundate > $$condition_value$$ [ condition value ] '2019-02-21 19:57:02.59'
[2019-05-08 11:15:42] [ collect_query ] SELECT logseq, etceteracode, employeeseq, sendseq, inoutcode, processname, sourceintegerip, destinationintegerip, sourceip, destinationip, sourceport, destinationport, rundate, pysicaladdress, sourcefilename, destinationfilename, filepath, filesize, summaryfile, pattern, takeoutcode, action, duplicatefile, keyword, regdate FROM ftplog WHERE rundate > '2019-02-21 19:57:02.59' ORDER BY rundate
[2019-05-08 11:15:42] Data Parsing Start
[2019-05-08 11:15:44] Data Insert Stop - Total Count : 15000
[2019-05-08 11:15:44] [ condition query ] regdate > $$condition_value$$ [ condition value ] '2019-02-21 19:57:18.497'
[2019-05-08 11:15:44] [ collect_query ] SELECT logseq, mailcode, employeeseq, sendseq, inoutcode, fromemail, fromintegerip, fromip, mailserverintegerip, mailserverip, subject, currentstate, mailstate, sourceport, destinationport, senddate, filesize, filepath, filename, summaryfile, pysicaladdress, hostseq, attachnum, attachorbody, pattern, sumpattern, toemail, ccemail, bccemail, takeoutcode, keyword, filelogcnt, regdate FROM maillog WHERE regdate > '2019-02-21 19:57:18.497' ORDER BY regdate
[2019-05-08 11:15:44] Data Parsing Start
[2019-05-08 11:15:46] Data Insert Stop - Total Count : 15000
[2019-05-08 11:15:46] [ condition query ] rundate > $$condition_value$$ [ condition value ] '2019-02-21 19:57:32.343'
[2019-05-08 11:15:46] [ collect_query ] SELECT logseq, messengercode, employeeseq, sendseq, useraccount, buddyaccount, rundate, integerip, ip, pysicaladdress, pattern, takeoutcode, msglogtype, talklogcnt, filelogcnt, regdate FROM messengerlog WHERE rundate > '2019-02-21 19:57:32.343' ORDER BY rundate
[2019-05-08 11:15:46] Data Parsing Start
[2019-05-08 11:15:47] Data Insert Stop - Total Count : 15000
[2019-05-08 11:15:47] [ condition query ] reg_dts > $$condition_value$$ [ condition value ] '2019-02-21 19:57:48.257'
[2019-05-08 11:15:47] [ collect_query ] SELECT policy_history_no, history_tp, policy_no, policy_nm, policy_tp, dept_cd, network_process_policy, port_policy, mail_policy, messenger_policy, ftp_policy, ip_change_policy, proxy_server_policy, site_policy, access_point_policy, device_policy, program_policy, watermark_policy, pc_use_log_policy, web_mail_policy, filetakeout_policy, dochistory_policy, vpn_policy, screenshot_policy, alertmessenger_policy, httpmessenge_policy, https_mail_policy, multi_os_policy, vm_install_policy, xp_os_policy, comment, hierarchy, ip, reg_dts, reg_no, flag FROM policy_master_history WHERE reg_dts > '2019-02-21 19:57:48.257' ORDER BY reg_dts
[2019-05-08 11:15:48] Data Parsing Start
[2019-05-08 11:15:49] Data Insert Stop - Total Count : 15000
[2019-05-08 11:15:49] [ condition query ] rundate > $$condition_value$$ [ condition value ] '2019-02-21 19:58:01.523'
[2019-05-08 11:15:49] [ collect_query ] SELECT logseq, employeeseq, filename, filesize, rundate, integerip, ip, pysicaladdress FROM screenshotlog WHERE rundate > '2019-02-21 19:58:01.523' ORDER BY rundate
[2019-05-08 11:15:49] Data Parsing Start
[2019-05-08 11:15:50] Data Insert Stop - Total Count : 15000
[2019-05-08 11:15:50] [ condition query ] rundate > $$condition_value$$ [ condition value ] '2019-02-21 19:58:15.007'
[2019-05-08 11:15:50] [ collect_query ] SELECT logseq, policysendcode, employeeseq, ip, pysicaladdress, sendseq, processname, rundate, usbcertpolicycode, idvendor, idproduct, bcddevice, szserial, bloss FROM usbcertlog WHERE rundate > '2019-02-21 19:58:15.007' ORDER BY rundate
[2019-05-08 11:15:50] Data Parsing Start
[2019-05-08 11:15:51] Data Insert Stop - Total Count : 15000
[2019-05-08 11:15:51] [ condition query ] rundate > $$condition_value$$ [ condition value ] '2019-02-21 19:58:29.117'
[2019-05-08 11:15:51] [ collect_query ] SELECT logseq, employeeseq, sendseq, processname, filename, filesize, runfile, rundate, integerip, ip, pysicaladdress, sourceport, destinationport FROM whiteprocesslog WHERE rundate > '2019-02-21 19:58:29.117' ORDER BY rundate
[2019-05-08 11:15:52] Data Parsing Start
[2019-05-08 11:15:53] Data Insert Stop - Total Count : 15000
[2019-05-08 11:15:56] [ condition query ] senddate > $$condition_value$$ [ condition value ] '2019-02-21 19:54:22.0'
[2019-05-08 11:15:56] [ collect_query ] select windowsapplicationseq,userid,processname,senddate,ip,mac,useyn from vwindowsapplicationlog WHERE senddate > '2019-02-21 19:54:22.0' ORDER BY senddate
[2019-05-08 11:15:56] Data Parsing Start
[2019-05-08 11:15:57] Data Insert Stop - Total Count : 15000
[2019-05-08 11:15:57] [ condition query ] logindate > $$condition_value$$ [ condition value ] '2019-02-21 19:54:21.0'
[2019-05-08 11:15:57] [ collect_query ] select userid,assetid,username,ip,mac,logindate,installstatus from vuserinfoassetdevice WHERE logindate > '2019-02-21 19:54:21.0' ORDER BY logindate
[2019-05-08 11:15:57] Data Parsing Start
[2019-05-08 11:15:58] Data Insert Stop - Total Count : 15000
[2019-05-08 11:15:58] [ condition query ] senddate > $$condition_value$$ [ condition value ] '2019-02-21 19:54:18.0'
[2019-05-08 11:15:58] [ collect_query ] select contentsoutflowlogseq,outflowtype,outflowname,userid,processname,filename,filesize,senddate,ip,mac,useyn from vcontentsoutflowlog WHERE senddate > '2019-02-21 19:54:18.0' ORDER BY senddate
[2019-05-08 11:15:58] Data Parsing Start
[2019-05-08 11:15:59] Data Insert Stop - Total Count : 15000
[2019-05-08 11:16:02] [ condition query ] event_time > $$condition_value$$ [ condition value ] '2019-02-21 19:54:26.0'
[2019-05-08 11:16:02] [ collect_query ] select event_time,event_level,op_code,event_type,event_name,more_info,ip_address,mac_address,device_id,user_id,user_name,org_name,admin_id,admin_nm from vwlog_event_last WHERE event_time > '2019-02-21 19:54:26.0' ORDER BY event_time
[2019-05-08 11:16:03] Data Parsing Start
[2019-05-08 11:16:04] Data Insert Stop - Total Count : 15000
[2019-05-08 11:16:07] [ condition query ] log_time > $$condition_value$$ [ condition value ] '2019-02-21 19:55:22.537'
[2019-05-08 11:16:07] [ collect_query ] select log_time,log_idx,logtype_id,user_id,user_name,group_name,duty_name,targetuser_id,targetuser_name,targetgroup_name,targetduty_name,guid,readedit_auth,print_auth,printmark_auth,workvalid_time,tele_num,e_mail,company,work_name,target_path,work_guid,checkout_reason,sourcefile_name,destinationfile_name,group_path,document_size,other_matters1,other_matters2,other_matters3,printmark_time,server_name,server_ipaddress,checkout_action,client_ipaddress,offline_log,server_id,image_guid,image_admin,targetserver_id,targetimage_guid,pc_id,securitydrive_type,createdevice_type,log_data from vsdlog_info WHERE log_time > '2019-02-21 19:55:22.537' ORDER BY log_time
[2019-05-08 11:16:09] Data Parsing Start
[2019-05-08 11:16:11] Data Insert Stop - Total Count : 15000
[2019-05-08 11:16:11] [ condition query ] log_time > $$condition_value$$ [ condition value ] '2019-02-21 19:54:50.243'
[2019-05-08 11:16:11] [ collect_query ] select log_time,log_idx,logtype_id,user_id,user_name,user_group,user_duty,pc_id,pc_ip,pc_mac,file_name,print_mark,printtextfile_name,printimagefile_name,reason,receiver_mail,somfile_pw,before_auth,after_auth,sourcefile_name,createuser_id,create_time,docviewer_list,doc_auth,process_name,group_path,category_name,work_name,doc_type,doc_grade,other_matters,print_count,offline_log,intranet_log,linksystem_name,usergroup_path,userserver_id,usercompany_name,docserver_id,doccompany_name,doc_uid from dslog_info WHERE log_time > '2019-02-21 19:54:50.243' ORDER BY log_time
[2019-05-08 11:16:12] Data Parsing Start
[2019-05-08 11:16:14] Data Insert Stop - Total Count : 16000
[2019-05-08 11:16:17] [ condition query ] inspectendtime > $$condition_value$$ [ condition value ] '2019-02-21 19:54:15'
[2019-05-08 11:16:17] [ collect_query ] select userid,username,filename,durationdays,filepath,inspectendtime,encryptfiletype,agentip,computername,resident_no,foregin_no,account_no,credit_no,phone_no,mobile_no from incidentsdiscover WHERE inspectendtime > '2019-02-21 19:54:15' ORDER BY inspectendtime
[2019-05-08 11:16:18] Data Parsing Start
[2019-05-08 11:16:19] Data Insert Stop - Total Count : 15000
[2019-05-08 11:16:22] [ condition query ] regdate > $$condition_value$$ [ condition value ] '2019-02-21 19:54:11.0'
[2019-05-08 11:16:22] [ collect_query ] select id,filename,regdate,virusdetect,extfakedetect from fileview WHERE regdate > '2019-02-21 19:54:11.0' ORDER BY regdate
[2019-05-08 11:16:22] Data Parsing Start
[2019-05-08 11:16:22] Data Insert Stop - Total Count : 15000
[2019-05-08 11:16:25] [ condition query ] qtime > $$condition_value$$ [ condition value ] '2019-02-21 19:54:16.0'
[2019-05-08 11:16:25] [ collect_query ] select intno,qname,qtime,ipaddr,sender,rcpt,subj,type,reason,attname,dsize,slaved from v_spamfilter_log WHERE qtime > '2019-02-21 19:54:16.0' ORDER BY qtime
[2019-05-08 11:16:26] Data Parsing Start
[2019-05-08 11:16:27] Data Insert Stop - Total Count : 15000
[2019-05-08 11:16:30] [ condition query ] to_char(JOB_TIME, 'YYYY-MM-DD HH24:MI:SS') > $$condition_value$$ [ condition value ] '2019-02-21 19:33:13'
[2019-05-08 11:16:30] [ collect_query ] select user_id,user_name,job_type,job_time,usage,scan_to_email from v_job_log WHERE to_char(JOB_TIME, 'YYYY-MM-DD HH24:MI:SS') > '2019-02-21 19:33:13' ORDER BY JOB_TIME
[2019-05-08 11:16:33] Data Parsing Start
[2019-05-08 11:16:34] Data Insert Stop - Total Count : 15000
[2019-05-08 11:16:37] [ condition query ] to_char(cmd_time, 'YYYY-MM-DD HH24:MI:SS') > $$condition_value$$ [ condition value ] '2019-02-21 19:33:11'
[2019-05-08 11:16:37] [ collect_query ] select yyyymmdd,hhmmss,connection_key,cmd_num,tnt_cmd,to_char(cmd_time, 'YYYY-MM-DD HH24:MI:SS') as cmd_time,valid_flg,normal_cmd_yn,user_id,user_ip from stg_tnt20 WHERE to_char(cmd_time, 'YYYY-MM-DD HH24:MI:SS') > '2019-02-21 19:33:11' ORDER BY CMD_TIME
[2019-05-08 11:16:41] Data Parsing Start
[2019-05-08 11:16:41] Data Insert Stop - Total Count : 15000
[2019-05-08 11:16:41] [ condition query ] to_char(end_time, 'YYYY-MM-DD HH24:MI:SS') > $$condition_value$$ [ condition value ] '2019-02-21 19:33:09'
[2019-05-08 11:16:41] [ collect_query ] select yyyymmdd,hhmmss,user_id,user_ip,user_port,to_char(end_time, 'YYYY-MM-DD HH24:MI:SS') as end_time,client_key,client_type,product_type,login_yn,login_code from nad_user30 WHERE to_char(end_time, 'YYYY-MM-DD HH24:MI:SS') > '2019-02-21 19:33:09' ORDER BY END_TIME
[2019-05-08 11:16:45] Data Parsing Start
[2019-05-08 11:16:45] Data Insert Stop - Total Count : 15000
[2019-05-08 11:16:49] [ condition query ] to_char(ACCESSTIME, 'YYYY-MM-DD HH24:MI:SS') > $$condition_value$$ [ condition value ] '2019-02-21 19:33:38'
[2019-05-08 11:16:49] [ collect_query ] SELECT guid, memguid, userid, type, accesstime, userip FROM webhistory WHERE to_char(ACCESSTIME, 'YYYY-MM-DD HH24:MI:SS') > '2019-02-21 19:33:38' ORDER BY ACCESSTIME
[2019-05-08 11:16:52] Data Parsing Start
[2019-05-08 11:16:53] Data Insert Stop - Total Count : 15000
[2019-05-08 11:16:56] [ condition query ] logdt > $$condition_value$$ [ condition value ] '2019-02-21 19:55:03.95'
[2019-05-08 11:16:56] [ collect_query ] select logseq,deviceno,mgmtkey,inouttype,sitekey,filemode,srcfile,filesize,destfile,agentuserid,pcip,pcmac,logdt,instdt from log_deviceuse WHERE logdt > '2019-02-21 19:55:03.95' ORDER BY logdt
[2019-05-08 11:16:56] Data Parsing Start
[2019-05-08 11:16:57] Data Insert Stop - Total Count : 15283
[2019-05-08 11:17:00] Log data collect end.
